2026-02-15 11:10:47,509 - INFO - cogym.middleware - IP: 172.23.0.1 | Method: POST | Path: /posts | Status: 307 | Duration: 1.65ms 
2026-02-15 11:11:47,037 - INFO - cogym.middleware - IP: 172.23.0.1 | Method: POST | Path: /posts | Status: 307 | Duration: 0.44ms 
2026-02-15 11:11:47,047 - DEBUG - app.routers.posts - Successfully retrieved <app.models.post.Post object at 0xffffabcc5580> posts
2026-02-15 11:11:47,049 - INFO - sqlalchemy.engine.Engine - BEGIN (implicit)
2026-02-15 11:11:47,051 - INFO - sqlalchemy.engine.Engine - INSERT INTO posts (title, content) VALUES (%(title)s, %(content)s) RETURNING posts.id
2026-02-15 11:11:47,052 - INFO - sqlalchemy.engine.Engine - [generated in 0.00138s] {'title': 'hello there 5', 'content': 'test content'}
2026-02-15 11:11:47,056 - INFO - sqlalchemy.engine.Engine - COMMIT
2026-02-15 11:11:47,059 - INFO - sqlalchemy.engine.Engine - BEGIN (implicit)
2026-02-15 11:11:47,062 - INFO - sqlalchemy.engine.Engine - SELECT posts.id, posts.title, posts.content, posts.published_at 
FROM posts 
WHERE posts.id = %(param_1)s
2026-02-15 11:11:47,063 - INFO - sqlalchemy.engine.Engine - [generated in 0.00163s] {'param_1': 1}
2026-02-15 11:11:47,066 - INFO - cogym.middleware - IP: 172.23.0.1 | Method: POST | Path: /posts/ | Status: 201 | Duration: 23.05ms 
2026-02-15 11:11:47,067 - INFO - sqlalchemy.engine.Engine - ROLLBACK
2026-02-15 15:43:16,755 - INFO - cogym.middleware - IP: 172.27.0.1 | Method: GET | Path: /api/docs | Status: 404 | Duration: 2.88ms 
2026-02-15 15:43:16,774 - INFO - cogym.middleware - IP: 172.27.0.1 | Method: GET | Path: /favicon.ico | Status: 404 | Duration: 0.31ms 
2026-02-15 15:44:46,412 - INFO - cogym.middleware - IP: 172.27.0.1 | Method: POST | Path: //api/v1/auth/register | Status: 404 | Duration: 5.00ms 
2026-02-15 15:44:55,041 - INFO - cogym.middleware - IP: 172.27.0.1 | Method: POST | Path: /api/v1/auth/register | Status: 404 | Duration: 0.31ms 
2026-02-15 15:46:08,327 - INFO - cogym.middleware - IP: 172.28.0.1 | Method: POST | Path: /api/v1/auth/register | Status: 404 | Duration: 3.28ms 
2026-02-15 15:47:40,187 - INFO - cogym.middleware - IP: 172.28.0.1 | Method: GET | Path: /api/v1 | Status: 404 | Duration: 6.46ms 
2026-02-15 15:47:44,313 - INFO - cogym.middleware - IP: 172.28.0.1 | Method: GET | Path: /api | Status: 404 | Duration: 0.49ms 
2026-02-15 15:47:48,096 - INFO - cogym.middleware - IP: 172.28.0.1 | Method: GET | Path: / | Status: 200 | Duration: 31.86ms 
2026-02-15 15:47:54,281 - INFO - cogym.middleware - IP: 172.28.0.1 | Method: GET | Path: /health | Status: 404 | Duration: 1.40ms 
2026-02-15 16:01:26,572 - INFO - cogym.middleware - IP: 172.30.0.1 | Method: GET | Path: /api/docs | Status: 200 | Duration: 2.04ms 
2026-02-15 16:02:58,187 - INFO - cogym.middleware - IP: 172.30.0.1 | Method: GET | Path: /api/docs | Status: 200 | Duration: 1.38ms 
2026-02-15 16:02:58,268 - INFO - cogym.middleware - IP: 172.30.0.1 | Method: GET | Path: /openapi.json | Status: 200 | Duration: 12.19ms 
2026-02-15 16:03:31,350 - INFO - cogym.middleware - IP: 172.30.0.1 | Method: POST | Path: /api/v1 | Status: 404 | Duration: 1.22ms 
2026-02-15 16:07:04,798 - INFO - sqlalchemy.engine.Engine - select pg_catalog.version()
2026-02-15 16:07:04,801 - INFO - sqlalchemy.engine.Engine - [raw sql] ()
2026-02-15 16:07:04,805 - INFO - sqlalchemy.engine.Engine - select current_schema()
2026-02-15 16:07:04,807 - INFO - sqlalchemy.engine.Engine - [raw sql] ()
2026-02-15 16:07:04,809 - INFO - sqlalchemy.engine.Engine - show standard_conforming_strings
2026-02-15 16:07:04,810 - INFO - sqlalchemy.engine.Engine - [raw sql] ()
2026-02-15 16:07:04,812 - INFO - sqlalchemy.engine.Engine - BEGIN (implicit)
2026-02-15 16:07:04,817 - INFO - sqlalchemy.engine.Engine - SELECT users.id, users.email, users.hashed_password, users.user_type 
FROM users 
WHERE users.email = $1::VARCHAR
2026-02-15 16:07:04,819 - INFO - sqlalchemy.engine.Engine - [generated in 0.00185s] ('akash@test.com',)
2026-02-15 16:07:04,823 - INFO - sqlalchemy.engine.Engine - ROLLBACK
2026-02-15 16:12:04,848 - INFO - sqlalchemy.engine.Engine - select pg_catalog.version()
2026-02-15 16:12:04,851 - INFO - sqlalchemy.engine.Engine - [raw sql] ()
2026-02-15 16:12:04,856 - INFO - sqlalchemy.engine.Engine - select current_schema()
2026-02-15 16:12:04,860 - INFO - sqlalchemy.engine.Engine - [raw sql] ()
2026-02-15 16:12:04,863 - INFO - sqlalchemy.engine.Engine - show standard_conforming_strings
2026-02-15 16:12:04,864 - INFO - sqlalchemy.engine.Engine - [raw sql] ()
2026-02-15 16:12:04,867 - INFO - sqlalchemy.engine.Engine - BEGIN (implicit)
2026-02-15 16:12:04,883 - INFO - sqlalchemy.engine.Engine - SELECT users.id, users.email, users.hashed_password, users.user_type 
FROM users 
WHERE users.email = $1::VARCHAR
2026-02-15 16:12:04,885 - INFO - sqlalchemy.engine.Engine - [generated in 0.00192s] ('akash@test.com',)
2026-02-15 16:12:04,890 - INFO - sqlalchemy.engine.Engine - ROLLBACK
2026-02-15 16:20:28,972 - INFO - sqlalchemy.engine.Engine - select pg_catalog.version()
2026-02-15 16:20:28,976 - INFO - sqlalchemy.engine.Engine - [raw sql] ()
2026-02-15 16:20:28,979 - INFO - sqlalchemy.engine.Engine - select current_schema()
2026-02-15 16:20:28,981 - INFO - sqlalchemy.engine.Engine - [raw sql] ()
2026-02-15 16:20:28,984 - INFO - sqlalchemy.engine.Engine - show standard_conforming_strings
2026-02-15 16:20:28,985 - INFO - sqlalchemy.engine.Engine - [raw sql] ()
2026-02-15 16:20:28,987 - INFO - sqlalchemy.engine.Engine - BEGIN (implicit)
2026-02-15 16:20:28,995 - INFO - sqlalchemy.engine.Engine - SELECT users.id, users.email, users.hashed_password, users.user_type 
FROM users 
WHERE users.email = $1::VARCHAR
2026-02-15 16:20:28,997 - INFO - sqlalchemy.engine.Engine - [generated in 0.00172s] ('akash@test.com',)
2026-02-15 16:20:29,015 - DEBUG - passlib.handlers.bcrypt - trapped unexpected response from 'os_crypt' backend: verify('test', b'$2$04$5BJqKfqMQvV7nS.yUguNcuRfMMOXK0xPWavM7pOzjEi5ze5T1k8/S'):
Traceback (most recent call last):
  File "/usr/local/lib/python3.12/site-packages/passlib/handlers/bcrypt.py", line 303, in safe_verify
    return verify(secret, hash)
           ^^^^^^^^^^^^^^^^^^^^
  File "/usr/local/lib/python3.12/site-packages/passlib/utils/handlers.py", line 792, in verify
    return consteq(self._calc_checksum(secret), chk)
                   ^^^^^^^^^^^^^^^^^^^^^^^^^^^
  File "/usr/local/lib/python3.12/site-packages/passlib/handlers/bcrypt.py", line 837, in _calc_checksum
    raise uh.exc.InternalBackendError(
passlib.exc.InternalBackendError: crypt.crypt() failed for unknown reason; passlib recommends running `pip install bcrypt` for general bcrypt support.(config=<hash <class 'str'> value omitted>, secret=<hash <class 'bytes'> value omitted>)
2026-02-15 16:20:29,018 - DEBUG - passlib.handlers.bcrypt - 'os_crypt' backend lacks $2$ support, enabling workaround
2026-02-15 16:20:29,269 - INFO - sqlalchemy.engine.Engine - INSERT INTO users (email, hashed_password, user_type) VALUES ($1::VARCHAR, $2::VARCHAR, $3::usertype) RETURNING users.id
2026-02-15 16:20:29,270 - INFO - sqlalchemy.engine.Engine - [generated in 0.00157s] ('akash@test.com', '$2b$12$28tb0wKxtdNRGpzvE9xFc.1Agr/aaiB2hLHUhDjOzoIFqNEL0XJgu', 'CUSTOMER')
2026-02-15 16:20:29,274 - INFO - sqlalchemy.engine.Engine - COMMIT
2026-02-15 16:20:29,278 - INFO - sqlalchemy.engine.Engine - BEGIN (implicit)
2026-02-15 16:20:29,280 - INFO - sqlalchemy.engine.Engine - SELECT users.id, users.email, users.hashed_password, users.user_type 
FROM users 
WHERE users.id = $1::INTEGER
2026-02-15 16:20:29,281 - INFO - sqlalchemy.engine.Engine - [generated in 0.00118s] (1,)
2026-02-15 16:20:29,285 - INFO - sqlalchemy.engine.Engine - INSERT INTO profiles (first_name, last_name, address, user_id) VALUES ($1::VARCHAR, $2::VARCHAR, $3::VARCHAR, $4::INTEGER) RETURNING profiles.id
2026-02-15 16:20:29,285 - INFO - sqlalchemy.engine.Engine - [generated in 0.00098s] ('akash', 'bhowmick', 'lalmatia', 1)
2026-02-15 16:20:29,289 - INFO - sqlalchemy.engine.Engine - COMMIT
2026-02-15 17:39:41,771 - INFO - sqlalchemy.engine.Engine - select pg_catalog.version()
2026-02-15 17:39:41,774 - INFO - sqlalchemy.engine.Engine - [raw sql] ()
2026-02-15 17:39:41,777 - INFO - sqlalchemy.engine.Engine - select current_schema()
2026-02-15 17:39:41,780 - INFO - sqlalchemy.engine.Engine - [raw sql] ()
2026-02-15 17:39:41,783 - INFO - sqlalchemy.engine.Engine - show standard_conforming_strings
2026-02-15 17:39:41,784 - INFO - sqlalchemy.engine.Engine - [raw sql] ()
2026-02-15 17:39:41,787 - INFO - sqlalchemy.engine.Engine - BEGIN (implicit)
2026-02-15 17:39:41,792 - INFO - sqlalchemy.engine.Engine - SELECT users.id, users.email, users.hashed_password, users.user_type 
FROM users 
WHERE users.email = $1::VARCHAR
2026-02-15 17:39:41,793 - INFO - sqlalchemy.engine.Engine - [generated in 0.00147s] ('akash@test.com',)
2026-02-15 17:39:41,807 - INFO - sqlalchemy.engine.Engine - ROLLBACK
2026-02-15 17:39:41,809 - INFO - cogym.middleware - IP: 172.31.0.1 | Method: POST | Path: /api/v1/auth/register | Status: 400 | Duration: 81.50ms 
2026-02-15 17:39:51,856 - INFO - sqlalchemy.engine.Engine - BEGIN (implicit)
2026-02-15 17:39:51,857 - INFO - sqlalchemy.engine.Engine - SELECT users.id, users.email, users.hashed_password, users.user_type 
FROM users 
WHERE users.email = $1::VARCHAR
2026-02-15 17:39:51,858 - INFO - sqlalchemy.engine.Engine - [cached since 10.07s ago] ('akash@test1.com',)
2026-02-15 17:39:51,863 - DEBUG - passlib.handlers.bcrypt - trapped unexpected response from 'os_crypt' backend: verify('test', b'$2$04$5BJqKfqMQvV7nS.yUguNcuRfMMOXK0xPWavM7pOzjEi5ze5T1k8/S'):
Traceback (most recent call last):
  File "/usr/local/lib/python3.12/site-packages/passlib/handlers/bcrypt.py", line 303, in safe_verify
    return verify(secret, hash)
           ^^^^^^^^^^^^^^^^^^^^
  File "/usr/local/lib/python3.12/site-packages/passlib/utils/handlers.py", line 792, in verify
    return consteq(self._calc_checksum(secret), chk)
                   ^^^^^^^^^^^^^^^^^^^^^^^^^^^
  File "/usr/local/lib/python3.12/site-packages/passlib/handlers/bcrypt.py", line 837, in _calc_checksum
    raise uh.exc.InternalBackendError(
passlib.exc.InternalBackendError: crypt.crypt() failed for unknown reason; passlib recommends running `pip install bcrypt` for general bcrypt support.(config=<hash <class 'str'> value omitted>, secret=<hash <class 'bytes'> value omitted>)
2026-02-15 17:39:51,865 - DEBUG - passlib.handlers.bcrypt - 'os_crypt' backend lacks $2$ support, enabling workaround
2026-02-15 17:39:52,132 - INFO - sqlalchemy.engine.Engine - INSERT INTO users (email, hashed_password, user_type) VALUES ($1::VARCHAR, $2::VARCHAR, $3::usertype) RETURNING users.id
2026-02-15 17:39:52,133 - INFO - sqlalchemy.engine.Engine - [generated in 0.00160s] ('akash@test1.com', '$2b$12$vfxQJqHnJgGyssvc3Wf0Q.xDEDhukKAXsvB0MspfwgSLqHY0vfFf.', 'CUSTOMER')
2026-02-15 17:39:52,136 - INFO - sqlalchemy.engine.Engine - COMMIT
2026-02-15 17:39:52,141 - INFO - sqlalchemy.engine.Engine - BEGIN (implicit)
2026-02-15 17:39:52,143 - INFO - sqlalchemy.engine.Engine - SELECT users.id, users.email, users.hashed_password, users.user_type 
FROM users 
WHERE users.id = $1::INTEGER
2026-02-15 17:39:52,144 - INFO - sqlalchemy.engine.Engine - [generated in 0.00090s] (2,)
2026-02-15 17:39:52,146 - INFO - sqlalchemy.engine.Engine - INSERT INTO profiles (first_name, last_name, address, user_id) VALUES ($1::VARCHAR, $2::VARCHAR, $3::VARCHAR, $4::INTEGER) RETURNING profiles.id
2026-02-15 17:39:52,147 - INFO - sqlalchemy.engine.Engine - [generated in 0.00092s] ('akash', 'bhowmick', 'lalmatia', 2)
2026-02-15 17:39:52,150 - INFO - sqlalchemy.engine.Engine - COMMIT
2026-02-15 17:39:52,152 - INFO - sqlalchemy.engine.Engine - BEGIN (implicit)
2026-02-15 17:39:52,153 - INFO - sqlalchemy.engine.Engine - SELECT users.id, users.email, users.hashed_password, users.user_type 
FROM users 
WHERE users.id = $1::INTEGER
2026-02-15 17:39:52,154 - INFO - sqlalchemy.engine.Engine - [cached since 0.01158s ago] (2,)
2026-02-15 17:39:52,157 - INFO - sqlalchemy.engine.Engine - ROLLBACK
2026-02-15 17:42:35,049 - INFO - sqlalchemy.engine.Engine - select pg_catalog.version()
2026-02-15 17:42:35,052 - INFO - sqlalchemy.engine.Engine - [raw sql] ()
2026-02-15 17:42:35,056 - INFO - sqlalchemy.engine.Engine - select current_schema()
2026-02-15 17:42:35,059 - INFO - sqlalchemy.engine.Engine - [raw sql] ()
2026-02-15 17:42:35,063 - INFO - sqlalchemy.engine.Engine - show standard_conforming_strings
2026-02-15 17:42:35,064 - INFO - sqlalchemy.engine.Engine - [raw sql] ()
2026-02-15 17:42:35,067 - INFO - sqlalchemy.engine.Engine - BEGIN (implicit)
2026-02-15 17:42:35,073 - INFO - sqlalchemy.engine.Engine - SELECT users.id, users.email, users.hashed_password, users.user_type 
FROM users 
WHERE users.email = $1::VARCHAR
2026-02-15 17:42:35,074 - INFO - sqlalchemy.engine.Engine - [generated in 0.00131s] ('akash@test2.com',)
2026-02-15 17:42:35,090 - DEBUG - passlib.handlers.bcrypt - trapped unexpected response from 'os_crypt' backend: verify('test', b'$2$04$5BJqKfqMQvV7nS.yUguNcuRfMMOXK0xPWavM7pOzjEi5ze5T1k8/S'):
Traceback (most recent call last):
  File "/usr/local/lib/python3.12/site-packages/passlib/handlers/bcrypt.py", line 303, in safe_verify
    return verify(secret, hash)
           ^^^^^^^^^^^^^^^^^^^^
  File "/usr/local/lib/python3.12/site-packages/passlib/utils/handlers.py", line 792, in verify
    return consteq(self._calc_checksum(secret), chk)
                   ^^^^^^^^^^^^^^^^^^^^^^^^^^^
  File "/usr/local/lib/python3.12/site-packages/passlib/handlers/bcrypt.py", line 837, in _calc_checksum
    raise uh.exc.InternalBackendError(
passlib.exc.InternalBackendError: crypt.crypt() failed for unknown reason; passlib recommends running `pip install bcrypt` for general bcrypt support.(config=<hash <class 'str'> value omitted>, secret=<hash <class 'bytes'> value omitted>)
2026-02-15 17:42:35,093 - DEBUG - passlib.handlers.bcrypt - 'os_crypt' backend lacks $2$ support, enabling workaround
2026-02-15 17:42:35,343 - INFO - sqlalchemy.engine.Engine - INSERT INTO users (email, hashed_password, user_type) VALUES ($1::VARCHAR, $2::VARCHAR, $3::usertype) RETURNING users.id
2026-02-15 17:42:35,345 - INFO - sqlalchemy.engine.Engine - [generated in 0.00158s] ('akash@test2.com', '$2b$12$TtegQnjK6Z5qoDA9bNZ8huI2JpMXwJvvS201pbmnp3/w/LM6mss16', 'CUSTOMER')
2026-02-15 17:42:35,349 - INFO - sqlalchemy.engine.Engine - COMMIT
2026-02-15 17:42:35,353 - INFO - sqlalchemy.engine.Engine - BEGIN (implicit)
2026-02-15 17:42:35,355 - INFO - sqlalchemy.engine.Engine - SELECT users.id, users.email, users.hashed_password, users.user_type 
FROM users 
WHERE users.id = $1::INTEGER
2026-02-15 17:42:35,356 - INFO - sqlalchemy.engine.Engine - [generated in 0.00094s] (3,)
2026-02-15 17:42:35,359 - INFO - sqlalchemy.engine.Engine - INSERT INTO profiles (first_name, last_name, address, user_id) VALUES ($1::VARCHAR, $2::VARCHAR, $3::VARCHAR, $4::INTEGER) RETURNING profiles.id
2026-02-15 17:42:35,360 - INFO - sqlalchemy.engine.Engine - [generated in 0.00112s] ('akash', 'bhowmick', 'lalmatia', 3)
2026-02-15 17:42:35,362 - INFO - sqlalchemy.engine.Engine - COMMIT
2026-02-15 17:42:35,365 - INFO - sqlalchemy.engine.Engine - BEGIN (implicit)
2026-02-15 17:42:35,366 - INFO - sqlalchemy.engine.Engine - SELECT users.id, users.email, users.hashed_password, users.user_type 
FROM users 
WHERE users.id = $1::INTEGER
2026-02-15 17:42:35,367 - INFO - sqlalchemy.engine.Engine - [cached since 0.01181s ago] (3,)
2026-02-15 17:42:35,369 - INFO - cogym.middleware - IP: 172.31.0.1 | Method: POST | Path: /api/v1/auth/register | Status: 200 | Duration: 363.77ms 
2026-02-15 17:42:35,371 - INFO - sqlalchemy.engine.Engine - ROLLBACK
2026-02-15 17:43:49,498 - INFO - cogym.middleware - IP: 172.31.0.1 | Method: POST | Path: /api/v1/auth/login | Status: 422 | Duration: 5.15ms 
2026-02-15 17:45:28,531 - INFO - cogym.middleware - IP: 172.31.0.1 | Method: POST | Path: /api/v1/auth/login | Status: 422 | Duration: 11.05ms 
2026-02-15 17:47:04,484 - INFO - cogym.middleware - IP: 172.31.0.1 | Method: POST | Path: /api/v1/auth/login | Status: 422 | Duration: 11.19ms 
2026-02-15 17:48:06,033 - INFO - cogym.middleware - IP: 172.31.0.1 | Method: POST | Path: /api/v1/auth/login | Status: 422 | Duration: 5.12ms 
2026-02-15 17:49:14,327 - DEBUG - python_multipart.multipart - Calling on_part_begin with no data
2026-02-15 17:49:14,334 - DEBUG - python_multipart.multipart - Calling on_header_field with data[54:73]
2026-02-15 17:49:14,335 - DEBUG - python_multipart.multipart - Calling on_header_value with data[75:101]
2026-02-15 17:49:14,337 - DEBUG - python_multipart.multipart - Calling on_header_end with no data
2026-02-15 17:49:14,338 - DEBUG - python_multipart.multipart - Calling on_headers_finished with no data
2026-02-15 17:49:14,340 - DEBUG - python_multipart.multipart - Calling on_part_data with data[105:120]
2026-02-15 17:49:14,341 - DEBUG - python_multipart.multipart - Calling on_part_end with no data
2026-02-15 17:49:14,343 - DEBUG - python_multipart.multipart - Calling on_part_begin with no data
2026-02-15 17:49:14,344 - DEBUG - python_multipart.multipart - Calling on_header_field with data[176:195]
2026-02-15 17:49:14,345 - DEBUG - python_multipart.multipart - Calling on_header_value with data[197:223]
2026-02-15 17:49:14,347 - DEBUG - python_multipart.multipart - Calling on_header_end with no data
2026-02-15 17:49:14,348 - DEBUG - python_multipart.multipart - Calling on_headers_finished with no data
2026-02-15 17:49:14,349 - DEBUG - python_multipart.multipart - Calling on_part_data with data[227:231]
2026-02-15 17:49:14,350 - DEBUG - python_multipart.multipart - Calling on_part_end with no data
2026-02-15 17:49:14,352 - DEBUG - python_multipart.multipart - Calling on_end with no data
2026-02-15 17:49:14,396 - INFO - sqlalchemy.engine.Engine - select pg_catalog.version()
2026-02-15 17:49:14,398 - INFO - sqlalchemy.engine.Engine - [raw sql] ()
2026-02-15 17:49:14,402 - INFO - sqlalchemy.engine.Engine - select current_schema()
2026-02-15 17:49:14,404 - INFO - sqlalchemy.engine.Engine - [raw sql] ()
2026-02-15 17:49:14,406 - INFO - sqlalchemy.engine.Engine - show standard_conforming_strings
2026-02-15 17:49:14,408 - INFO - sqlalchemy.engine.Engine - [raw sql] ()
2026-02-15 17:49:14,411 - INFO - sqlalchemy.engine.Engine - BEGIN (implicit)
2026-02-15 17:49:14,433 - INFO - sqlalchemy.engine.Engine - SELECT users.id, users.email, users.hashed_password, users.user_type 
FROM users 
WHERE users.email = $1::VARCHAR
2026-02-15 17:49:14,435 - INFO - sqlalchemy.engine.Engine - [generated in 0.00166s] ('akash@test2.com',)
2026-02-15 17:49:14,453 - DEBUG - passlib.handlers.bcrypt - trapped unexpected response from 'os_crypt' backend: verify('test', b'$2$04$5BJqKfqMQvV7nS.yUguNcuRfMMOXK0xPWavM7pOzjEi5ze5T1k8/S'):
Traceback (most recent call last):
  File "/usr/local/lib/python3.12/site-packages/passlib/handlers/bcrypt.py", line 303, in safe_verify
    return verify(secret, hash)
           ^^^^^^^^^^^^^^^^^^^^
  File "/usr/local/lib/python3.12/site-packages/passlib/utils/handlers.py", line 792, in verify
    return consteq(self._calc_checksum(secret), chk)
                   ^^^^^^^^^^^^^^^^^^^^^^^^^^^
  File "/usr/local/lib/python3.12/site-packages/passlib/handlers/bcrypt.py", line 837, in _calc_checksum
    raise uh.exc.InternalBackendError(
passlib.exc.InternalBackendError: crypt.crypt() failed for unknown reason; passlib recommends running `pip install bcrypt` for general bcrypt support.(config=<hash <class 'str'> value omitted>, secret=<hash <class 'bytes'> value omitted>)
2026-02-15 17:49:14,458 - DEBUG - passlib.handlers.bcrypt - 'os_crypt' backend lacks $2$ support, enabling workaround
2026-02-15 17:49:14,706 - INFO - sqlalchemy.engine.Engine - ROLLBACK
2026-02-15 17:50:00,852 - DEBUG - python_multipart.multipart - Calling on_part_begin with no data
2026-02-15 17:50:00,854 - DEBUG - python_multipart.multipart - Calling on_header_field with data[54:73]
2026-02-15 17:50:00,856 - DEBUG - python_multipart.multipart - Calling on_header_value with data[75:101]
2026-02-15 17:50:00,858 - DEBUG - python_multipart.multipart - Calling on_header_end with no data
2026-02-15 17:50:00,859 - DEBUG - python_multipart.multipart - Calling on_headers_finished with no data
2026-02-15 17:50:00,861 - DEBUG - python_multipart.multipart - Calling on_part_data with data[105:120]
2026-02-15 17:50:00,862 - DEBUG - python_multipart.multipart - Calling on_part_end with no data
2026-02-15 17:50:00,866 - DEBUG - python_multipart.multipart - Calling on_part_begin with no data
2026-02-15 17:50:00,868 - DEBUG - python_multipart.multipart - Calling on_header_field with data[176:195]
2026-02-15 17:50:00,869 - DEBUG - python_multipart.multipart - Calling on_header_value with data[197:223]
2026-02-15 17:50:00,871 - DEBUG - python_multipart.multipart - Calling on_header_end with no data
2026-02-15 17:50:00,872 - DEBUG - python_multipart.multipart - Calling on_headers_finished with no data
2026-02-15 17:50:00,873 - DEBUG - python_multipart.multipart - Calling on_part_data with data[227:231]
2026-02-15 17:50:00,874 - DEBUG - python_multipart.multipart - Calling on_part_end with no data
2026-02-15 17:50:00,875 - DEBUG - python_multipart.multipart - Calling on_end with no data
2026-02-15 17:50:00,903 - INFO - sqlalchemy.engine.Engine - select pg_catalog.version()
2026-02-15 17:50:00,905 - INFO - sqlalchemy.engine.Engine - [raw sql] ()
2026-02-15 17:50:00,908 - INFO - sqlalchemy.engine.Engine - select current_schema()
2026-02-15 17:50:00,909 - INFO - sqlalchemy.engine.Engine - [raw sql] ()
2026-02-15 17:50:00,913 - INFO - sqlalchemy.engine.Engine - show standard_conforming_strings
2026-02-15 17:50:00,914 - INFO - sqlalchemy.engine.Engine - [raw sql] ()
2026-02-15 17:50:00,916 - INFO - sqlalchemy.engine.Engine - BEGIN (implicit)
2026-02-15 17:50:00,920 - INFO - sqlalchemy.engine.Engine - SELECT users.id, users.email, users.hashed_password, users.user_type 
FROM users 
WHERE users.email = $1::VARCHAR
2026-02-15 17:50:00,921 - INFO - sqlalchemy.engine.Engine - [generated in 0.00128s] ('akash@test2.com',)
2026-02-15 17:50:00,939 - DEBUG - passlib.handlers.bcrypt - trapped unexpected response from 'os_crypt' backend: verify('test', b'$2$04$5BJqKfqMQvV7nS.yUguNcuRfMMOXK0xPWavM7pOzjEi5ze5T1k8/S'):
Traceback (most recent call last):
  File "/usr/local/lib/python3.12/site-packages/passlib/handlers/bcrypt.py", line 303, in safe_verify
    return verify(secret, hash)
           ^^^^^^^^^^^^^^^^^^^^
  File "/usr/local/lib/python3.12/site-packages/passlib/utils/handlers.py", line 792, in verify
    return consteq(self._calc_checksum(secret), chk)
                   ^^^^^^^^^^^^^^^^^^^^^^^^^^^
  File "/usr/local/lib/python3.12/site-packages/passlib/handlers/bcrypt.py", line 837, in _calc_checksum
    raise uh.exc.InternalBackendError(
passlib.exc.InternalBackendError: crypt.crypt() failed for unknown reason; passlib recommends running `pip install bcrypt` for general bcrypt support.(config=<hash <class 'str'> value omitted>, secret=<hash <class 'bytes'> value omitted>)
2026-02-15 17:50:00,941 - DEBUG - passlib.handlers.bcrypt - 'os_crypt' backend lacks $2$ support, enabling workaround
2026-02-15 17:50:01,189 - INFO - cogym.middleware - IP: 172.31.0.1 | Method: POST | Path: /api/v1/auth/login | Status: 200 | Duration: 340.07ms 
2026-02-15 17:50:01,191 - INFO - sqlalchemy.engine.Engine - ROLLBACK
2026-02-15 18:30:12,303 - INFO - cogym.middleware - IP: 192.168.16.1 | Method: GET | Path: /api/docs | Status: 200 | Duration: 2.59ms 
2026-02-15 18:30:12,810 - INFO - cogym.middleware - IP: 192.168.16.1 | Method: GET | Path: /openapi.json | Status: 200 | Duration: 24.31ms 
2026-02-15 18:30:28,747 - INFO - cogym.middleware - IP: 192.168.16.1 | Method: GET | Path: /admin | Status: 307 | Duration: 0.54ms 
2026-02-15 18:30:28,766 - INFO - cogym.middleware - IP: 192.168.16.1 | Method: GET | Path: /admin/ | Status: 302 | Duration: 4.43ms 
2026-02-15 18:30:28,793 - INFO - cogym.middleware - IP: 192.168.16.1 | Method: GET | Path: /admin/login | Status: 200 | Duration: 18.97ms 
2026-02-15 18:30:28,829 - INFO - cogym.middleware - IP: 192.168.16.1 | Method: GET | Path: /admin/statics/css/tabler.min.css | Status: 200 | Duration: 21.90ms 
2026-02-15 18:30:28,830 - INFO - cogym.middleware - IP: 192.168.16.1 | Method: GET | Path: /admin/statics/css/tabler-icons.min.css | Status: 200 | Duration: 20.86ms 
2026-02-15 18:30:28,832 - INFO - cogym.middleware - IP: 192.168.16.1 | Method: GET | Path: /admin/statics/css/fontawesome.min.css | Status: 200 | Duration: 16.96ms 
2026-02-15 18:30:28,847 - INFO - cogym.middleware - IP: 192.168.16.1 | Method: GET | Path: /admin/statics/css/main.css | Status: 200 | Duration: 32.56ms 
2026-02-15 18:30:28,857 - INFO - cogym.middleware - IP: 192.168.16.1 | Method: GET | Path: /admin/statics/css/select2.min.css | Status: 200 | Duration: 42.67ms 
2026-02-15 18:30:28,858 - INFO - cogym.middleware - IP: 192.168.16.1 | Method: GET | Path: /admin/statics/css/flatpickr.min.css | Status: 200 | Duration: 43.72ms 
2026-02-15 18:30:28,876 - INFO - cogym.middleware - IP: 192.168.16.1 | Method: GET | Path: /admin/statics/js/tabler.min.js | Status: 200 | Duration: 15.50ms 
2026-02-15 18:30:28,877 - INFO - cogym.middleware - IP: 192.168.16.1 | Method: GET | Path: /admin/statics/js/jquery.min.js | Status: 200 | Duration: 17.03ms 
2026-02-15 18:30:28,886 - INFO - cogym.middleware - IP: 192.168.16.1 | Method: GET | Path: /admin/statics/js/bootstrap.min.js | Status: 200 | Duration: 17.99ms 
2026-02-15 18:30:28,895 - INFO - cogym.middleware - IP: 192.168.16.1 | Method: GET | Path: /admin/statics/js/popper.min.js | Status: 200 | Duration: 27.86ms 
2026-02-15 18:30:28,913 - INFO - cogym.middleware - IP: 192.168.16.1 | Method: GET | Path: /admin/statics/js/select2.full.min.js | Status: 200 | Duration: 37.12ms 
2026-02-15 18:30:28,923 - INFO - cogym.middleware - IP: 192.168.16.1 | Method: GET | Path: /admin/statics/js/main.js | Status: 200 | Duration: 14.33ms 
2026-02-15 18:30:28,925 - INFO - cogym.middleware - IP: 192.168.16.1 | Method: GET | Path: /admin/statics/js/flatpickr.min.js | Status: 200 | Duration: 16.23ms 
2026-02-15 18:43:01,347 - DEBUG - python_multipart.multipart - Calling on_field_start with no data
2026-02-15 18:43:01,358 - DEBUG - python_multipart.multipart - Calling on_field_name with data[0:8]
2026-02-15 18:43:01,362 - DEBUG - python_multipart.multipart - Calling on_field_data with data[9:28]
2026-02-15 18:43:01,364 - DEBUG - python_multipart.multipart - Calling on_field_end with no data
2026-02-15 18:43:01,365 - DEBUG - python_multipart.multipart - Calling on_field_start with no data
2026-02-15 18:43:01,369 - DEBUG - python_multipart.multipart - Calling on_field_name with data[29:37]
2026-02-15 18:43:01,382 - DEBUG - python_multipart.multipart - Calling on_field_data with data[38:48]
2026-02-15 18:43:01,384 - DEBUG - python_multipart.multipart - Calling on_field_end with no data
2026-02-15 18:43:01,386 - DEBUG - python_multipart.multipart - Calling on_end with no data
2026-02-15 18:43:01,425 - INFO - sqlalchemy.engine.Engine - select pg_catalog.version()
2026-02-15 18:43:01,427 - INFO - sqlalchemy.engine.Engine - [raw sql] ()
2026-02-15 18:43:01,431 - INFO - sqlalchemy.engine.Engine - select current_schema()
2026-02-15 18:43:01,432 - INFO - sqlalchemy.engine.Engine - [raw sql] ()
2026-02-15 18:43:01,434 - INFO - sqlalchemy.engine.Engine - show standard_conforming_strings
2026-02-15 18:43:01,435 - INFO - sqlalchemy.engine.Engine - [raw sql] ()
2026-02-15 18:43:01,437 - INFO - sqlalchemy.engine.Engine - BEGIN (implicit)
2026-02-15 18:43:01,441 - INFO - sqlalchemy.engine.Engine - SELECT users.id, users.email, users.hashed_password, users.user_type 
FROM users 
WHERE users.email = $1::VARCHAR
2026-02-15 18:43:01,442 - INFO - sqlalchemy.engine.Engine - [generated in 0.00120s] ('admin@example.com',)
2026-02-15 18:43:01,455 - INFO - sqlalchemy.engine.Engine - ROLLBACK
2026-02-15 18:43:01,457 - INFO - cogym.middleware - IP: 192.168.16.1 | Method: POST | Path: /admin/login | Status: 500 | Duration: 116.70ms 
2026-02-15 18:43:32,074 - DEBUG - python_multipart.multipart - Calling on_field_start with no data
2026-02-15 18:43:32,078 - DEBUG - python_multipart.multipart - Calling on_field_name with data[0:8]
2026-02-15 18:43:32,081 - DEBUG - python_multipart.multipart - Calling on_field_data with data[9:28]
2026-02-15 18:43:32,084 - DEBUG - python_multipart.multipart - Calling on_field_end with no data
2026-02-15 18:43:32,088 - DEBUG - python_multipart.multipart - Calling on_field_start with no data
2026-02-15 18:43:32,092 - DEBUG - python_multipart.multipart - Calling on_field_name with data[29:37]
2026-02-15 18:43:32,093 - DEBUG - python_multipart.multipart - Calling on_field_data with data[38:48]
2026-02-15 18:43:32,096 - DEBUG - python_multipart.multipart - Calling on_field_end with no data
2026-02-15 18:43:32,097 - DEBUG - python_multipart.multipart - Calling on_end with no data
2026-02-15 18:43:32,130 - INFO - sqlalchemy.engine.Engine - select pg_catalog.version()
2026-02-15 18:43:32,132 - INFO - sqlalchemy.engine.Engine - [raw sql] ()
2026-02-15 18:43:32,135 - INFO - sqlalchemy.engine.Engine - select current_schema()
2026-02-15 18:43:32,136 - INFO - sqlalchemy.engine.Engine - [raw sql] ()
2026-02-15 18:43:32,139 - INFO - sqlalchemy.engine.Engine - show standard_conforming_strings
2026-02-15 18:43:32,140 - INFO - sqlalchemy.engine.Engine - [raw sql] ()
2026-02-15 18:43:32,142 - INFO - sqlalchemy.engine.Engine - BEGIN (implicit)
2026-02-15 18:43:32,144 - INFO - sqlalchemy.engine.Engine - SELECT users.id, users.email, users.hashed_password, users.user_type 
FROM users 
WHERE users.email = $1::VARCHAR
2026-02-15 18:43:32,146 - INFO - sqlalchemy.engine.Engine - [generated in 0.00133s] ('admin@example.com',)
2026-02-15 18:43:32,157 - INFO - sqlalchemy.engine.Engine - ROLLBACK
2026-02-15 18:43:32,159 - INFO - cogym.middleware - IP: 192.168.16.1 | Method: POST | Path: /admin/login | Status: 500 | Duration: 86.13ms 
2026-02-15 18:43:45,579 - DEBUG - python_multipart.multipart - Calling on_field_start with no data
2026-02-15 18:43:45,582 - DEBUG - python_multipart.multipart - Calling on_field_name with data[0:8]
2026-02-15 18:43:45,586 - DEBUG - python_multipart.multipart - Calling on_field_data with data[9:28]
2026-02-15 18:43:45,588 - DEBUG - python_multipart.multipart - Calling on_field_end with no data
2026-02-15 18:43:45,589 - DEBUG - python_multipart.multipart - Calling on_field_start with no data
2026-02-15 18:43:45,592 - DEBUG - python_multipart.multipart - Calling on_field_name with data[29:37]
2026-02-15 18:43:45,595 - DEBUG - python_multipart.multipart - Calling on_field_data with data[38:48]
2026-02-15 18:43:45,597 - DEBUG - python_multipart.multipart - Calling on_field_end with no data
2026-02-15 18:43:45,600 - DEBUG - python_multipart.multipart - Calling on_end with no data
2026-02-15 18:43:45,636 - INFO - sqlalchemy.engine.Engine - select pg_catalog.version()
2026-02-15 18:43:45,638 - INFO - sqlalchemy.engine.Engine - [raw sql] ()
2026-02-15 18:43:45,641 - INFO - sqlalchemy.engine.Engine - select current_schema()
2026-02-15 18:43:45,643 - INFO - sqlalchemy.engine.Engine - [raw sql] ()
2026-02-15 18:43:45,645 - INFO - sqlalchemy.engine.Engine - show standard_conforming_strings
2026-02-15 18:43:45,647 - INFO - sqlalchemy.engine.Engine - [raw sql] ()
2026-02-15 18:43:45,649 - INFO - sqlalchemy.engine.Engine - BEGIN (implicit)
2026-02-15 18:43:45,651 - INFO - sqlalchemy.engine.Engine - SELECT users.id, users.email, users.hashed_password, users.user_type 
FROM users 
WHERE users.email = $1::VARCHAR
2026-02-15 18:43:45,652 - INFO - sqlalchemy.engine.Engine - [generated in 0.00086s] ('admin@example.com',)
2026-02-15 18:43:45,665 - DEBUG - passlib.handlers.bcrypt - trapped unexpected response from 'os_crypt' backend: verify('test', b'$2$04$5BJqKfqMQvV7nS.yUguNcuRfMMOXK0xPWavM7pOzjEi5ze5T1k8/S'):
Traceback (most recent call last):
  File "/usr/local/lib/python3.12/site-packages/passlib/handlers/bcrypt.py", line 303, in safe_verify
    return verify(secret, hash)
           ^^^^^^^^^^^^^^^^^^^^
  File "/usr/local/lib/python3.12/site-packages/passlib/utils/handlers.py", line 792, in verify
    return consteq(self._calc_checksum(secret), chk)
                   ^^^^^^^^^^^^^^^^^^^^^^^^^^^
  File "/usr/local/lib/python3.12/site-packages/passlib/handlers/bcrypt.py", line 837, in _calc_checksum
    raise uh.exc.InternalBackendError(
passlib.exc.InternalBackendError: crypt.crypt() failed for unknown reason; passlib recommends running `pip install bcrypt` for general bcrypt support.(config=<hash <class 'str'> value omitted>, secret=<hash <class 'bytes'> value omitted>)
2026-02-15 18:43:45,669 - DEBUG - passlib.handlers.bcrypt - 'os_crypt' backend lacks $2$ support, enabling workaround
2026-02-15 18:43:45,915 - INFO - sqlalchemy.engine.Engine - ROLLBACK
2026-02-15 18:43:45,918 - INFO - cogym.middleware - IP: 192.168.16.1 | Method: POST | Path: /admin/login | Status: 302 | Duration: 341.25ms 
2026-02-15 18:43:45,924 - INFO - cogym.middleware - IP: 192.168.16.1 | Method: GET | Path: /admin/ | Status: 302 | Duration: 0.26ms 
2026-02-15 18:43:45,935 - INFO - cogym.middleware - IP: 192.168.16.1 | Method: GET | Path: /admin/login | Status: 200 | Duration: 7.48ms 
2026-02-15 18:43:45,955 - INFO - cogym.middleware - IP: 192.168.16.1 | Method: GET | Path: /admin/statics/css/select2.min.css | Status: 304 | Duration: 5.65ms 
2026-02-15 18:43:45,956 - INFO - cogym.middleware - IP: 192.168.16.1 | Method: GET | Path: /admin/statics/css/fontawesome.min.css | Status: 304 | Duration: 7.49ms 
2026-02-15 18:43:45,958 - INFO - cogym.middleware - IP: 192.168.16.1 | Method: GET | Path: /admin/statics/css/tabler.min.css | Status: 304 | Duration: 9.18ms 
2026-02-15 18:43:45,968 - INFO - cogym.middleware - IP: 192.168.16.1 | Method: GET | Path: /admin/statics/css/main.css | Status: 304 | Duration: 18.21ms 
2026-02-15 18:43:45,969 - INFO - cogym.middleware - IP: 192.168.16.1 | Method: GET | Path: /admin/statics/css/flatpickr.min.css | Status: 304 | Duration: 18.78ms 
2026-02-15 18:43:45,972 - INFO - cogym.middleware - IP: 192.168.16.1 | Method: GET | Path: /admin/statics/css/tabler-icons.min.css | Status: 304 | Duration: 20.87ms 
2026-02-15 18:43:45,979 - INFO - cogym.middleware - IP: 192.168.16.1 | Method: GET | Path: /admin/statics/js/flatpickr.min.js | Status: 304 | Duration: 3.45ms 
2026-02-15 18:43:45,981 - INFO - cogym.middleware - IP: 192.168.16.1 | Method: GET | Path: /admin/statics/js/tabler.min.js | Status: 304 | Duration: 5.09ms 
2026-02-15 18:43:45,982 - INFO - cogym.middleware - IP: 192.168.16.1 | Method: GET | Path: /admin/statics/js/select2.full.min.js | Status: 304 | Duration: 6.42ms 
2026-02-15 18:43:45,985 - INFO - cogym.middleware - IP: 192.168.16.1 | Method: GET | Path: /admin/statics/js/popper.min.js | Status: 304 | Duration: 8.50ms 
2026-02-15 18:43:45,988 - INFO - cogym.middleware - IP: 192.168.16.1 | Method: GET | Path: /admin/statics/js/jquery.min.js | Status: 304 | Duration: 15.77ms 
2026-02-15 18:43:45,990 - INFO - cogym.middleware - IP: 192.168.16.1 | Method: GET | Path: /admin/statics/js/main.js | Status: 304 | Duration: 11.96ms 
2026-02-15 18:43:45,992 - INFO - cogym.middleware - IP: 192.168.16.1 | Method: GET | Path: /admin/statics/js/bootstrap.min.js | Status: 304 | Duration: 0.62ms 
2026-02-15 18:44:01,105 - DEBUG - python_multipart.multipart - Calling on_field_start with no data
2026-02-15 18:44:01,107 - DEBUG - python_multipart.multipart - Calling on_field_name with data[0:8]
2026-02-15 18:44:01,108 - DEBUG - python_multipart.multipart - Calling on_field_data with data[9:28]
2026-02-15 18:44:01,110 - DEBUG - python_multipart.multipart - Calling on_field_end with no data
2026-02-15 18:44:01,111 - DEBUG - python_multipart.multipart - Calling on_field_start with no data
2026-02-15 18:44:01,113 - DEBUG - python_multipart.multipart - Calling on_field_name with data[29:37]
2026-02-15 18:44:01,114 - DEBUG - python_multipart.multipart - Calling on_field_data with data[38:48]
2026-02-15 18:44:01,115 - DEBUG - python_multipart.multipart - Calling on_field_end with no data
2026-02-15 18:44:01,116 - DEBUG - python_multipart.multipart - Calling on_end with no data
2026-02-15 18:44:01,118 - INFO - sqlalchemy.engine.Engine - BEGIN (implicit)
2026-02-15 18:44:01,120 - INFO - sqlalchemy.engine.Engine - SELECT users.id, users.email, users.hashed_password, users.user_type 
FROM users 
WHERE users.email = $1::VARCHAR
2026-02-15 18:44:01,121 - INFO - sqlalchemy.engine.Engine - [cached since 15.47s ago] ('admin@example.com',)
2026-02-15 18:44:01,355 - INFO - sqlalchemy.engine.Engine - ROLLBACK
2026-02-15 18:44:01,358 - INFO - cogym.middleware - IP: 192.168.16.1 | Method: POST | Path: /admin/login | Status: 302 | Duration: 253.82ms 
2026-02-15 18:44:01,363 - INFO - cogym.middleware - IP: 192.168.16.1 | Method: GET | Path: /admin/ | Status: 302 | Duration: 0.31ms 
2026-02-15 18:44:01,368 - INFO - cogym.middleware - IP: 192.168.16.1 | Method: GET | Path: /admin/login | Status: 200 | Duration: 0.82ms 
2026-02-15 18:44:11,602 - INFO - cogym.middleware - IP: 192.168.16.1 | Method: GET | Path: /admin/login | Status: 200 | Duration: 3.07ms 
2026-02-15 18:44:12,483 - INFO - cogym.middleware - IP: 192.168.16.1 | Method: GET | Path: /admin/login | Status: 200 | Duration: 4.29ms 
2026-02-15 18:44:24,875 - DEBUG - python_multipart.multipart - Calling on_field_start with no data
2026-02-15 18:44:24,885 - DEBUG - python_multipart.multipart - Calling on_field_name with data[0:8]
2026-02-15 18:44:24,887 - DEBUG - python_multipart.multipart - Calling on_field_data with data[9:28]
2026-02-15 18:44:24,890 - DEBUG - python_multipart.multipart - Calling on_field_end with no data
2026-02-15 18:44:24,893 - DEBUG - python_multipart.multipart - Calling on_field_start with no data
2026-02-15 18:44:24,895 - DEBUG - python_multipart.multipart - Calling on_field_name with data[29:37]
2026-02-15 18:44:24,898 - DEBUG - python_multipart.multipart - Calling on_field_data with data[38:48]
2026-02-15 18:44:24,902 - DEBUG - python_multipart.multipart - Calling on_field_end with no data
2026-02-15 18:44:24,904 - DEBUG - python_multipart.multipart - Calling on_end with no data
2026-02-15 18:44:24,911 - INFO - sqlalchemy.engine.Engine - BEGIN (implicit)
2026-02-15 18:44:24,915 - INFO - sqlalchemy.engine.Engine - SELECT users.id, users.email, users.hashed_password, users.user_type 
FROM users 
WHERE users.email = $1::VARCHAR
2026-02-15 18:44:24,918 - INFO - sqlalchemy.engine.Engine - [cached since 39.26s ago] ('admin@example.com',)
2026-02-15 18:44:25,154 - INFO - sqlalchemy.engine.Engine - ROLLBACK
2026-02-15 18:44:25,158 - INFO - cogym.middleware - IP: 192.168.16.1 | Method: POST | Path: /admin/login | Status: 302 | Duration: 284.41ms 
2026-02-15 18:44:25,164 - INFO - cogym.middleware - IP: 192.168.16.1 | Method: GET | Path: /admin/ | Status: 302 | Duration: 0.36ms 
2026-02-15 18:44:25,168 - INFO - cogym.middleware - IP: 192.168.16.1 | Method: GET | Path: /admin/login | Status: 200 | Duration: 0.85ms 
2026-02-15 18:44:48,415 - INFO - cogym.middleware - IP: 192.168.16.1 | Method: GET | Path: /.well-known/appspecific/com.chrome.devtools.json | Status: 404 | Duration: 0.48ms 
2026-02-15 18:44:48,762 - INFO - cogym.middleware - IP: 192.168.16.1 | Method: GET | Path: /admin/statics/css/tabler-icons.min.css.map | Status: 200 | Duration: 17.98ms 
2026-02-15 18:44:53,917 - DEBUG - python_multipart.multipart - Calling on_field_start with no data
2026-02-15 18:44:53,931 - DEBUG - python_multipart.multipart - Calling on_field_name with data[0:8]
2026-02-15 18:44:53,933 - DEBUG - python_multipart.multipart - Calling on_field_data with data[9:28]
2026-02-15 18:44:53,935 - DEBUG - python_multipart.multipart - Calling on_field_end with no data
2026-02-15 18:44:53,937 - DEBUG - python_multipart.multipart - Calling on_field_start with no data
2026-02-15 18:44:53,938 - DEBUG - python_multipart.multipart - Calling on_field_name with data[29:37]
2026-02-15 18:44:53,939 - DEBUG - python_multipart.multipart - Calling on_field_data with data[38:48]
2026-02-15 18:44:53,941 - DEBUG - python_multipart.multipart - Calling on_field_end with no data
2026-02-15 18:44:53,942 - DEBUG - python_multipart.multipart - Calling on_end with no data
2026-02-15 18:44:53,945 - INFO - sqlalchemy.engine.Engine - BEGIN (implicit)
2026-02-15 18:44:53,947 - INFO - sqlalchemy.engine.Engine - SELECT users.id, users.email, users.hashed_password, users.user_type 
FROM users 
WHERE users.email = $1::VARCHAR
2026-02-15 18:44:53,948 - INFO - sqlalchemy.engine.Engine - [cached since 68.3s ago] ('admin@example.com',)
2026-02-15 18:44:54,189 - INFO - sqlalchemy.engine.Engine - ROLLBACK
2026-02-15 18:44:54,191 - INFO - cogym.middleware - IP: 192.168.16.1 | Method: POST | Path: /admin/login | Status: 302 | Duration: 274.97ms 
2026-02-15 18:44:54,201 - INFO - cogym.middleware - IP: 192.168.16.1 | Method: GET | Path: /admin/ | Status: 302 | Duration: 0.40ms 
2026-02-15 18:44:54,206 - INFO - cogym.middleware - IP: 192.168.16.1 | Method: GET | Path: /admin/login | Status: 200 | Duration: 0.92ms 
2026-02-15 18:44:54,221 - INFO - cogym.middleware - IP: 192.168.16.1 | Method: GET | Path: /.well-known/appspecific/com.chrome.devtools.json | Status: 404 | Duration: 0.20ms 
2026-02-15 18:48:24,791 - DEBUG - python_multipart.multipart - Calling on_field_start with no data
2026-02-15 18:48:24,802 - DEBUG - python_multipart.multipart - Calling on_field_name with data[0:8]
2026-02-15 18:48:24,808 - DEBUG - python_multipart.multipart - Calling on_field_data with data[9:28]
2026-02-15 18:48:24,810 - DEBUG - python_multipart.multipart - Calling on_field_end with no data
2026-02-15 18:48:24,813 - DEBUG - python_multipart.multipart - Calling on_field_start with no data
2026-02-15 18:48:24,814 - DEBUG - python_multipart.multipart - Calling on_field_name with data[29:37]
2026-02-15 18:48:24,816 - DEBUG - python_multipart.multipart - Calling on_field_data with data[38:48]
2026-02-15 18:48:24,818 - DEBUG - python_multipart.multipart - Calling on_field_end with no data
2026-02-15 18:48:24,819 - DEBUG - python_multipart.multipart - Calling on_end with no data
2026-02-15 18:48:24,849 - INFO - sqlalchemy.engine.Engine - select pg_catalog.version()
2026-02-15 18:48:24,850 - INFO - sqlalchemy.engine.Engine - [raw sql] ()
2026-02-15 18:48:24,854 - INFO - sqlalchemy.engine.Engine - select current_schema()
2026-02-15 18:48:24,855 - INFO - sqlalchemy.engine.Engine - [raw sql] ()
2026-02-15 18:48:24,859 - INFO - sqlalchemy.engine.Engine - show standard_conforming_strings
2026-02-15 18:48:24,861 - INFO - sqlalchemy.engine.Engine - [raw sql] ()
2026-02-15 18:48:24,862 - INFO - sqlalchemy.engine.Engine - BEGIN (implicit)
2026-02-15 18:48:24,865 - INFO - sqlalchemy.engine.Engine - SELECT users.id, users.email, users.hashed_password, users.user_type 
FROM users 
WHERE users.email = $1::VARCHAR
2026-02-15 18:48:24,866 - INFO - sqlalchemy.engine.Engine - [generated in 0.00122s] ('admin@example.com',)
2026-02-15 18:48:24,879 - DEBUG - passlib.handlers.bcrypt - trapped unexpected response from 'os_crypt' backend: verify('test', b'$2$04$5BJqKfqMQvV7nS.yUguNcuRfMMOXK0xPWavM7pOzjEi5ze5T1k8/S'):
Traceback (most recent call last):
  File "/usr/local/lib/python3.12/site-packages/passlib/handlers/bcrypt.py", line 303, in safe_verify
    return verify(secret, hash)
           ^^^^^^^^^^^^^^^^^^^^
  File "/usr/local/lib/python3.12/site-packages/passlib/utils/handlers.py", line 792, in verify
    return consteq(self._calc_checksum(secret), chk)
                   ^^^^^^^^^^^^^^^^^^^^^^^^^^^
  File "/usr/local/lib/python3.12/site-packages/passlib/handlers/bcrypt.py", line 837, in _calc_checksum
    raise uh.exc.InternalBackendError(
passlib.exc.InternalBackendError: crypt.crypt() failed for unknown reason; passlib recommends running `pip install bcrypt` for general bcrypt support.(config=<hash <class 'str'> value omitted>, secret=<hash <class 'bytes'> value omitted>)
2026-02-15 18:48:24,882 - DEBUG - passlib.handlers.bcrypt - 'os_crypt' backend lacks $2$ support, enabling workaround
2026-02-15 18:48:25,128 - INFO - sqlalchemy.engine.Engine - ROLLBACK
2026-02-15 18:48:25,131 - INFO - cogym.middleware - IP: 192.168.16.1 | Method: POST | Path: /admin/login | Status: 302 | Duration: 340.44ms 
2026-02-15 18:48:25,139 - INFO - cogym.middleware - IP: 192.168.16.1 | Method: GET | Path: /admin/ | Status: 302 | Duration: 0.26ms 
2026-02-15 18:48:25,155 - INFO - cogym.middleware - IP: 192.168.16.1 | Method: GET | Path: /admin/login | Status: 200 | Duration: 10.16ms 
2026-02-15 18:48:25,183 - INFO - cogym.middleware - IP: 192.168.16.1 | Method: GET | Path: /admin/statics/css/select2.min.css | Status: 304 | Duration: 6.34ms 
2026-02-15 18:48:25,202 - INFO - cogym.middleware - IP: 192.168.16.1 | Method: GET | Path: /admin/statics/css/tabler.min.css | Status: 304 | Duration: 26.55ms 
2026-02-15 18:48:25,206 - INFO - cogym.middleware - IP: 192.168.16.1 | Method: GET | Path: /admin/statics/css/main.css | Status: 304 | Duration: 29.00ms 
2026-02-15 18:48:25,210 - INFO - cogym.middleware - IP: 192.168.16.1 | Method: GET | Path: /admin/statics/css/fontawesome.min.css | Status: 304 | Duration: 35.83ms 
2026-02-15 18:48:25,212 - INFO - cogym.middleware - IP: 192.168.16.1 | Method: GET | Path: /admin/statics/css/tabler-icons.min.css | Status: 304 | Duration: 34.40ms 
2026-02-15 18:48:25,216 - INFO - cogym.middleware - IP: 192.168.16.1 | Method: GET | Path: /admin/statics/css/flatpickr.min.css | Status: 304 | Duration: 38.53ms 
2026-02-15 18:48:25,230 - INFO - cogym.middleware - IP: 192.168.16.1 | Method: GET | Path: /admin/statics/js/jquery.min.js | Status: 304 | Duration: 14.25ms 
2026-02-15 18:48:25,232 - INFO - cogym.middleware - IP: 192.168.16.1 | Method: GET | Path: /admin/statics/js/bootstrap.min.js | Status: 304 | Duration: 10.52ms 
2026-02-15 18:48:25,236 - INFO - cogym.middleware - IP: 192.168.16.1 | Method: GET | Path: /admin/statics/js/tabler.min.js | Status: 304 | Duration: 14.17ms 
2026-02-15 18:48:25,239 - INFO - cogym.middleware - IP: 192.168.16.1 | Method: GET | Path: /admin/statics/js/select2.full.min.js | Status: 304 | Duration: 17.10ms 
2026-02-15 18:48:25,241 - INFO - cogym.middleware - IP: 192.168.16.1 | Method: GET | Path: /admin/statics/js/popper.min.js | Status: 304 | Duration: 18.70ms 
2026-02-15 18:48:25,243 - INFO - cogym.middleware - IP: 192.168.16.1 | Method: GET | Path: /admin/statics/js/flatpickr.min.js | Status: 304 | Duration: 12.26ms 
2026-02-15 18:48:25,248 - INFO - cogym.middleware - IP: 192.168.16.1 | Method: GET | Path: /.well-known/appspecific/com.chrome.devtools.json | Status: 404 | Duration: 1.01ms 
2026-02-15 18:48:25,251 - INFO - cogym.middleware - IP: 192.168.16.1 | Method: GET | Path: /admin/statics/js/main.js | Status: 304 | Duration: 8.43ms 
2026-02-15 18:48:25,263 - INFO - cogym.middleware - IP: 192.168.16.1 | Method: GET | Path: /admin/statics/css/tabler-icons.min.css.map | Status: 304 | Duration: 0.97ms 
2026-02-15 18:50:51,876 - DEBUG - python_multipart.multipart - Calling on_field_start with no data
2026-02-15 18:50:51,885 - DEBUG - python_multipart.multipart - Calling on_field_name with data[0:8]
2026-02-15 18:50:51,888 - DEBUG - python_multipart.multipart - Calling on_field_data with data[9:28]
2026-02-15 18:50:51,890 - DEBUG - python_multipart.multipart - Calling on_field_end with no data
2026-02-15 18:50:51,893 - DEBUG - python_multipart.multipart - Calling on_field_start with no data
2026-02-15 18:50:51,895 - DEBUG - python_multipart.multipart - Calling on_field_name with data[29:37]
2026-02-15 18:50:51,898 - DEBUG - python_multipart.multipart - Calling on_field_data with data[38:48]
2026-02-15 18:50:51,900 - DEBUG - python_multipart.multipart - Calling on_field_end with no data
2026-02-15 18:50:51,903 - DEBUG - python_multipart.multipart - Calling on_end with no data
2026-02-15 18:50:51,958 - INFO - sqlalchemy.engine.Engine - select pg_catalog.version()
2026-02-15 18:50:51,960 - INFO - sqlalchemy.engine.Engine - [raw sql] ()
2026-02-15 18:50:51,965 - INFO - sqlalchemy.engine.Engine - select current_schema()
2026-02-15 18:50:51,966 - INFO - sqlalchemy.engine.Engine - [raw sql] ()
2026-02-15 18:50:51,969 - INFO - sqlalchemy.engine.Engine - show standard_conforming_strings
2026-02-15 18:50:51,970 - INFO - sqlalchemy.engine.Engine - [raw sql] ()
2026-02-15 18:50:51,972 - INFO - sqlalchemy.engine.Engine - BEGIN (implicit)
2026-02-15 18:50:51,977 - INFO - sqlalchemy.engine.Engine - SELECT users.id, users.email, users.hashed_password, users.user_type 
FROM users 
WHERE users.email = $1::VARCHAR
2026-02-15 18:50:51,978 - INFO - sqlalchemy.engine.Engine - [generated in 0.00128s] ('admin@example.com',)
2026-02-15 18:50:51,981 - INFO - sqlalchemy.engine.Engine - ROLLBACK
2026-02-15 18:50:51,983 - INFO - cogym.middleware - IP: 192.168.32.1 | Method: POST | Path: /admin/login | Status: 500 | Duration: 113.24ms 
2026-02-15 18:50:52,019 - INFO - cogym.middleware - IP: 192.168.32.1 | Method: GET | Path: /.well-known/appspecific/com.chrome.devtools.json | Status: 404 | Duration: 0.51ms 
2026-02-15 18:51:24,682 - DEBUG - python_multipart.multipart - Calling on_field_start with no data
2026-02-15 18:51:24,685 - DEBUG - python_multipart.multipart - Calling on_field_name with data[0:8]
2026-02-15 18:51:24,689 - DEBUG - python_multipart.multipart - Calling on_field_data with data[9:28]
2026-02-15 18:51:24,690 - DEBUG - python_multipart.multipart - Calling on_field_end with no data
2026-02-15 18:51:24,692 - DEBUG - python_multipart.multipart - Calling on_field_start with no data
2026-02-15 18:51:24,693 - DEBUG - python_multipart.multipart - Calling on_field_name with data[29:37]
2026-02-15 18:51:24,695 - DEBUG - python_multipart.multipart - Calling on_field_data with data[38:48]
2026-02-15 18:51:24,697 - DEBUG - python_multipart.multipart - Calling on_field_end with no data
2026-02-15 18:51:24,699 - DEBUG - python_multipart.multipart - Calling on_end with no data
2026-02-15 18:51:24,706 - INFO - sqlalchemy.engine.Engine - BEGIN (implicit)
2026-02-15 18:51:24,709 - INFO - sqlalchemy.engine.Engine - SELECT users.id, users.email, users.hashed_password, users.user_type 
FROM users 
WHERE users.email = $1::VARCHAR
2026-02-15 18:51:24,712 - INFO - sqlalchemy.engine.Engine - [cached since 32.73s ago] ('admin@example.com',)
2026-02-15 18:51:24,736 - INFO - sqlalchemy.engine.Engine - ROLLBACK
2026-02-15 18:51:24,755 - INFO - cogym.middleware - IP: 192.168.32.1 | Method: POST | Path: /admin/login | Status: 400 | Duration: 78.62ms 
2026-02-15 18:51:24,795 - INFO - cogym.middleware - IP: 192.168.32.1 | Method: GET | Path: /admin/statics/css/select2.min.css | Status: 200 | Duration: 20.53ms 
2026-02-15 18:51:24,797 - INFO - cogym.middleware - IP: 192.168.32.1 | Method: GET | Path: /admin/statics/css/main.css | Status: 200 | Duration: 22.27ms 
2026-02-15 18:51:24,801 - INFO - cogym.middleware - IP: 192.168.32.1 | Method: GET | Path: /admin/statics/css/fontawesome.min.css | Status: 200 | Duration: 26.37ms 
2026-02-15 18:51:24,803 - INFO - cogym.middleware - IP: 192.168.32.1 | Method: GET | Path: /admin/statics/css/tabler.min.css | Status: 200 | Duration: 26.81ms 
2026-02-15 18:51:24,811 - INFO - cogym.middleware - IP: 192.168.32.1 | Method: GET | Path: /admin/statics/css/tabler-icons.min.css | Status: 200 | Duration: 34.40ms 
2026-02-15 18:51:24,815 - INFO - cogym.middleware - IP: 192.168.32.1 | Method: GET | Path: /admin/statics/css/flatpickr.min.css | Status: 200 | Duration: 40.47ms 
2026-02-15 18:51:24,846 - INFO - cogym.middleware - IP: 192.168.32.1 | Method: GET | Path: /admin/statics/js/popper.min.js | Status: 200 | Duration: 34.63ms 
2026-02-15 18:51:24,851 - INFO - cogym.middleware - IP: 192.168.32.1 | Method: GET | Path: /admin/statics/js/jquery.min.js | Status: 200 | Duration: 45.34ms 
2026-02-15 18:51:24,855 - INFO - cogym.middleware - IP: 192.168.32.1 | Method: GET | Path: /admin/statics/js/bootstrap.min.js | Status: 200 | Duration: 30.55ms 
2026-02-15 18:51:24,865 - INFO - cogym.middleware - IP: 192.168.32.1 | Method: GET | Path: /admin/statics/js/select2.full.min.js | Status: 200 | Duration: 30.78ms 
2026-02-15 18:51:24,876 - INFO - cogym.middleware - IP: 192.168.32.1 | Method: GET | Path: /.well-known/appspecific/com.chrome.devtools.json | Status: 404 | Duration: 0.97ms 
2026-02-15 18:51:24,883 - INFO - cogym.middleware - IP: 192.168.32.1 | Method: GET | Path: /admin/statics/js/flatpickr.min.js | Status: 200 | Duration: 30.54ms 
2026-02-15 18:51:24,891 - INFO - cogym.middleware - IP: 192.168.32.1 | Method: GET | Path: /admin/statics/js/main.js | Status: 200 | Duration: 31.60ms 
2026-02-15 18:51:24,896 - INFO - cogym.middleware - IP: 192.168.32.1 | Method: GET | Path: /admin/statics/js/tabler.min.js | Status: 200 | Duration: 27.52ms 
2026-02-15 18:51:24,925 - INFO - cogym.middleware - IP: 192.168.32.1 | Method: GET | Path: /admin/statics/css/tabler-icons.min.css.map | Status: 200 | Duration: 5.81ms 
2026-02-15 18:51:24,965 - INFO - cogym.middleware - IP: 192.168.32.1 | Method: GET | Path: /favicon.ico | Status: 404 | Duration: 0.20ms 
2026-02-15 18:51:35,658 - DEBUG - python_multipart.multipart - Calling on_field_start with no data
2026-02-15 18:51:35,660 - DEBUG - python_multipart.multipart - Calling on_field_name with data[0:8]
2026-02-15 18:51:35,663 - DEBUG - python_multipart.multipart - Calling on_field_data with data[9:28]
2026-02-15 18:51:35,666 - DEBUG - python_multipart.multipart - Calling on_field_end with no data
2026-02-15 18:51:35,670 - DEBUG - python_multipart.multipart - Calling on_field_start with no data
2026-02-15 18:51:35,671 - DEBUG - python_multipart.multipart - Calling on_field_name with data[29:37]
2026-02-15 18:51:35,675 - DEBUG - python_multipart.multipart - Calling on_field_data with data[38:48]
2026-02-15 18:51:35,678 - DEBUG - python_multipart.multipart - Calling on_field_end with no data
2026-02-15 18:51:35,680 - DEBUG - python_multipart.multipart - Calling on_end with no data
2026-02-15 18:51:35,685 - INFO - sqlalchemy.engine.Engine - BEGIN (implicit)
2026-02-15 18:51:35,687 - INFO - sqlalchemy.engine.Engine - SELECT users.id, users.email, users.hashed_password, users.user_type 
FROM users 
WHERE users.email = $1::VARCHAR
2026-02-15 18:51:35,690 - INFO - sqlalchemy.engine.Engine - [cached since 43.71s ago] ('admin@example.com',)
2026-02-15 18:51:35,693 - INFO - sqlalchemy.engine.Engine - ROLLBACK
2026-02-15 18:51:35,697 - INFO - cogym.middleware - IP: 192.168.32.1 | Method: POST | Path: /admin/login | Status: 400 | Duration: 39.95ms 
2026-02-15 18:51:35,717 - INFO - cogym.middleware - IP: 192.168.32.1 | Method: GET | Path: /admin/statics/css/tabler.min.css | Status: 304 | Duration: 5.67ms 
2026-02-15 18:51:35,725 - INFO - cogym.middleware - IP: 192.168.32.1 | Method: GET | Path: /admin/statics/css/tabler-icons.min.css | Status: 304 | Duration: 9.50ms 
2026-02-15 18:51:35,734 - INFO - cogym.middleware - IP: 192.168.32.1 | Method: GET | Path: /admin/statics/css/fontawesome.min.css | Status: 304 | Duration: 12.45ms 
2026-02-15 18:51:35,737 - INFO - cogym.middleware - IP: 192.168.32.1 | Method: GET | Path: /admin/statics/css/main.css | Status: 304 | Duration: 12.96ms 
2026-02-15 18:51:35,739 - INFO - cogym.middleware - IP: 192.168.32.1 | Method: GET | Path: /admin/statics/css/select2.min.css | Status: 304 | Duration: 14.41ms 
2026-02-15 18:51:35,740 - INFO - cogym.middleware - IP: 192.168.32.1 | Method: GET | Path: /admin/statics/js/jquery.min.js | Status: 304 | Duration: 15.10ms 
2026-02-15 18:51:35,741 - INFO - cogym.middleware - IP: 192.168.32.1 | Method: GET | Path: /admin/statics/css/flatpickr.min.css | Status: 304 | Duration: 16.56ms 
2026-02-15 18:51:35,747 - INFO - cogym.middleware - IP: 192.168.32.1 | Method: GET | Path: /admin/statics/js/tabler.min.js | Status: 304 | Duration: 12.96ms 
2026-02-15 18:51:35,751 - INFO - cogym.middleware - IP: 192.168.32.1 | Method: GET | Path: /admin/statics/js/bootstrap.min.js | Status: 304 | Duration: 7.04ms 
2026-02-15 18:51:35,753 - INFO - cogym.middleware - IP: 192.168.32.1 | Method: GET | Path: /.well-known/appspecific/com.chrome.devtools.json | Status: 404 | Duration: 2.32ms 
2026-02-15 18:51:35,756 - INFO - cogym.middleware - IP: 192.168.32.1 | Method: GET | Path: /admin/statics/js/select2.full.min.js | Status: 304 | Duration: 6.76ms 
2026-02-15 18:51:35,759 - INFO - cogym.middleware - IP: 192.168.32.1 | Method: GET | Path: /admin/statics/js/popper.min.js | Status: 304 | Duration: 9.88ms 
2026-02-15 18:51:35,761 - INFO - cogym.middleware - IP: 192.168.32.1 | Method: GET | Path: /admin/statics/js/main.js | Status: 304 | Duration: 14.48ms 
2026-02-15 18:51:35,762 - INFO - cogym.middleware - IP: 192.168.32.1 | Method: GET | Path: /admin/statics/js/flatpickr.min.js | Status: 304 | Duration: 15.89ms 
2026-02-15 18:51:35,767 - INFO - cogym.middleware - IP: 192.168.32.1 | Method: GET | Path: /admin/statics/css/tabler-icons.min.css.map | Status: 304 | Duration: 1.20ms 
2026-02-15 18:51:44,079 - INFO - cogym.middleware - IP: 192.168.32.1 | Method: GET | Path: /admin/login | Status: 200 | Duration: 2.45ms 
2026-02-15 18:51:54,301 - DEBUG - python_multipart.multipart - Calling on_field_start with no data
2026-02-15 18:51:54,307 - DEBUG - python_multipart.multipart - Calling on_field_name with data[0:8]
2026-02-15 18:51:54,312 - DEBUG - python_multipart.multipart - Calling on_field_data with data[9:28]
2026-02-15 18:51:54,315 - DEBUG - python_multipart.multipart - Calling on_field_end with no data
2026-02-15 18:51:54,317 - DEBUG - python_multipart.multipart - Calling on_field_start with no data
2026-02-15 18:51:54,319 - DEBUG - python_multipart.multipart - Calling on_field_name with data[29:37]
2026-02-15 18:51:54,322 - DEBUG - python_multipart.multipart - Calling on_field_data with data[38:48]
2026-02-15 18:51:54,325 - DEBUG - python_multipart.multipart - Calling on_field_end with no data
2026-02-15 18:51:54,327 - DEBUG - python_multipart.multipart - Calling on_end with no data
2026-02-15 18:51:54,331 - INFO - sqlalchemy.engine.Engine - BEGIN (implicit)
2026-02-15 18:51:54,334 - INFO - sqlalchemy.engine.Engine - SELECT users.id, users.email, users.hashed_password, users.user_type 
FROM users 
WHERE users.email = $1::VARCHAR
2026-02-15 18:51:54,338 - INFO - sqlalchemy.engine.Engine - [cached since 62.36s ago] ('admin@example.com',)
2026-02-15 18:51:54,342 - INFO - sqlalchemy.engine.Engine - ROLLBACK
2026-02-15 18:51:54,346 - INFO - cogym.middleware - IP: 192.168.32.1 | Method: POST | Path: /admin/login | Status: 400 | Duration: 46.24ms 
2026-02-15 18:51:54,370 - INFO - cogym.middleware - IP: 192.168.32.1 | Method: GET | Path: /admin/statics/css/tabler.min.css | Status: 304 | Duration: 7.95ms 
2026-02-15 18:51:54,373 - INFO - cogym.middleware - IP: 192.168.32.1 | Method: GET | Path: /admin/statics/css/fontawesome.min.css | Status: 304 | Duration: 7.84ms 
2026-02-15 18:51:54,374 - INFO - cogym.middleware - IP: 192.168.32.1 | Method: GET | Path: /admin/statics/css/tabler-icons.min.css | Status: 304 | Duration: 11.65ms 
2026-02-15 18:51:54,376 - INFO - cogym.middleware - IP: 192.168.32.1 | Method: GET | Path: /admin/statics/css/main.css | Status: 304 | Duration: 10.60ms 
2026-02-15 18:51:54,379 - INFO - cogym.middleware - IP: 192.168.32.1 | Method: GET | Path: /admin/statics/css/select2.min.css | Status: 304 | Duration: 14.30ms 
2026-02-15 18:51:54,381 - INFO - cogym.middleware - IP: 192.168.32.1 | Method: GET | Path: /admin/statics/css/flatpickr.min.css | Status: 304 | Duration: 16.32ms 
2026-02-15 18:51:54,387 - INFO - cogym.middleware - IP: 192.168.32.1 | Method: GET | Path: /admin/statics/js/bootstrap.min.js | Status: 304 | Duration: 2.46ms 
2026-02-15 18:51:54,389 - INFO - cogym.middleware - IP: 192.168.32.1 | Method: GET | Path: /admin/statics/js/jquery.min.js | Status: 304 | Duration: 4.50ms 
2026-02-15 18:51:54,392 - INFO - cogym.middleware - IP: 192.168.32.1 | Method: GET | Path: /admin/statics/js/popper.min.js | Status: 304 | Duration: 7.13ms 
2026-02-15 18:51:54,393 - INFO - cogym.middleware - IP: 192.168.32.1 | Method: GET | Path: /admin/statics/js/tabler.min.js | Status: 304 | Duration: 8.87ms 
2026-02-15 18:51:54,397 - INFO - cogym.middleware - IP: 192.168.32.1 | Method: GET | Path: /admin/statics/js/flatpickr.min.js | Status: 304 | Duration: 10.11ms 
2026-02-15 18:51:54,398 - INFO - cogym.middleware - IP: 192.168.32.1 | Method: GET | Path: /admin/statics/js/select2.full.min.js | Status: 304 | Duration: 11.94ms 
2026-02-15 18:51:54,401 - INFO - cogym.middleware - IP: 192.168.32.1 | Method: GET | Path: /admin/statics/js/main.js | Status: 304 | Duration: 5.88ms 
2026-02-16 06:53:00,490 - DEBUG - python_multipart.multipart - Calling on_field_start with no data
2026-02-16 06:53:00,495 - DEBUG - python_multipart.multipart - Calling on_field_name with data[0:8]
2026-02-16 06:53:00,498 - DEBUG - python_multipart.multipart - Calling on_field_data with data[9:28]
2026-02-16 06:53:00,501 - DEBUG - python_multipart.multipart - Calling on_field_end with no data
2026-02-16 06:53:00,504 - DEBUG - python_multipart.multipart - Calling on_field_start with no data
2026-02-16 06:53:00,506 - DEBUG - python_multipart.multipart - Calling on_field_name with data[29:37]
2026-02-16 06:53:00,510 - DEBUG - python_multipart.multipart - Calling on_field_data with data[38:48]
2026-02-16 06:53:00,513 - DEBUG - python_multipart.multipart - Calling on_field_end with no data
2026-02-16 06:53:00,516 - DEBUG - python_multipart.multipart - Calling on_end with no data
2026-02-16 06:53:00,554 - INFO - sqlalchemy.engine.Engine - select pg_catalog.version()
2026-02-16 06:53:00,555 - INFO - sqlalchemy.engine.Engine - [raw sql] ()
2026-02-16 06:53:00,558 - INFO - sqlalchemy.engine.Engine - select current_schema()
2026-02-16 06:53:00,559 - INFO - sqlalchemy.engine.Engine - [raw sql] ()
2026-02-16 06:53:00,562 - INFO - sqlalchemy.engine.Engine - show standard_conforming_strings
2026-02-16 06:53:00,563 - INFO - sqlalchemy.engine.Engine - [raw sql] ()
2026-02-16 06:53:00,565 - INFO - sqlalchemy.engine.Engine - BEGIN (implicit)
2026-02-16 06:53:00,568 - INFO - sqlalchemy.engine.Engine - SELECT users.id, users.email, users.hashed_password, users.user_type 
FROM users 
WHERE users.email = $1::VARCHAR
2026-02-16 06:53:00,570 - INFO - sqlalchemy.engine.Engine - [generated in 0.00141s] ('admin@example.com',)
2026-02-16 06:53:00,582 - INFO - sqlalchemy.engine.Engine - ROLLBACK
2026-02-16 06:53:00,594 - INFO - cogym.middleware - IP: 192.168.32.1 | Method: POST | Path: /admin/login | Status: 400 | Duration: 104.74ms 
2026-02-16 06:53:00,619 - INFO - cogym.middleware - IP: 192.168.32.1 | Method: GET | Path: /admin/statics/css/tabler.min.css | Status: 304 | Duration: 10.57ms 
2026-02-16 06:53:00,621 - INFO - cogym.middleware - IP: 192.168.32.1 | Method: GET | Path: /admin/statics/css/main.css | Status: 304 | Duration: 9.16ms 
2026-02-16 06:53:00,624 - INFO - cogym.middleware - IP: 192.168.32.1 | Method: GET | Path: /admin/statics/css/tabler-icons.min.css | Status: 304 | Duration: 12.66ms 
2026-02-16 06:53:00,625 - INFO - cogym.middleware - IP: 192.168.32.1 | Method: GET | Path: /admin/statics/css/flatpickr.min.css | Status: 304 | Duration: 11.52ms 
2026-02-16 06:53:00,627 - INFO - cogym.middleware - IP: 192.168.32.1 | Method: GET | Path: /admin/statics/css/select2.min.css | Status: 304 | Duration: 15.05ms 
2026-02-16 06:53:00,632 - INFO - cogym.middleware - IP: 192.168.32.1 | Method: GET | Path: /admin/statics/css/fontawesome.min.css | Status: 304 | Duration: 17.48ms 
2026-02-16 06:53:00,638 - INFO - cogym.middleware - IP: 192.168.32.1 | Method: GET | Path: /admin/statics/js/select2.full.min.js | Status: 304 | Duration: 2.46ms 
2026-02-16 06:53:00,640 - INFO - cogym.middleware - IP: 192.168.32.1 | Method: GET | Path: /admin/statics/js/popper.min.js | Status: 304 | Duration: 5.73ms 
2026-02-16 06:53:00,645 - INFO - cogym.middleware - IP: 192.168.32.1 | Method: GET | Path: /admin/statics/js/jquery.min.js | Status: 304 | Duration: 13.40ms 
2026-02-16 06:53:00,647 - INFO - cogym.middleware - IP: 192.168.32.1 | Method: GET | Path: /admin/statics/js/tabler.min.js | Status: 304 | Duration: 12.92ms 
2026-02-16 06:53:00,649 - INFO - cogym.middleware - IP: 192.168.32.1 | Method: GET | Path: /admin/statics/js/bootstrap.min.js | Status: 304 | Duration: 13.01ms 
2026-02-16 06:53:00,650 - INFO - cogym.middleware - IP: 192.168.32.1 | Method: GET | Path: /admin/statics/js/flatpickr.min.js | Status: 304 | Duration: 14.24ms 
2026-02-16 06:53:00,659 - INFO - cogym.middleware - IP: 192.168.32.1 | Method: GET | Path: /admin/statics/js/main.js | Status: 304 | Duration: 14.11ms 
2026-02-16 07:12:56,755 - DEBUG - python_multipart.multipart - Calling on_field_start with no data
2026-02-16 07:12:56,767 - DEBUG - python_multipart.multipart - Calling on_field_name with data[0:8]
2026-02-16 07:12:56,770 - DEBUG - python_multipart.multipart - Calling on_field_data with data[9:28]
2026-02-16 07:12:56,772 - DEBUG - python_multipart.multipart - Calling on_field_end with no data
2026-02-16 07:12:56,774 - DEBUG - python_multipart.multipart - Calling on_field_start with no data
2026-02-16 07:12:56,775 - DEBUG - python_multipart.multipart - Calling on_field_name with data[29:37]
2026-02-16 07:12:56,777 - DEBUG - python_multipart.multipart - Calling on_field_data with data[38:42]
2026-02-16 07:12:56,780 - DEBUG - python_multipart.multipart - Calling on_field_end with no data
2026-02-16 07:12:56,781 - DEBUG - python_multipart.multipart - Calling on_end with no data
2026-02-16 07:12:56,829 - INFO - sqlalchemy.engine.Engine - select pg_catalog.version()
2026-02-16 07:12:56,831 - INFO - sqlalchemy.engine.Engine - [raw sql] ()
2026-02-16 07:12:56,837 - INFO - sqlalchemy.engine.Engine - select current_schema()
2026-02-16 07:12:56,839 - INFO - sqlalchemy.engine.Engine - [raw sql] ()
2026-02-16 07:12:56,841 - INFO - sqlalchemy.engine.Engine - show standard_conforming_strings
2026-02-16 07:12:56,843 - INFO - sqlalchemy.engine.Engine - [raw sql] ()
2026-02-16 07:12:56,845 - INFO - sqlalchemy.engine.Engine - BEGIN (implicit)
2026-02-16 07:12:56,851 - INFO - sqlalchemy.engine.Engine - SELECT users.id, users.email, users.hashed_password, users.user_type 
FROM users 
WHERE users.email = $1::VARCHAR
2026-02-16 07:12:56,852 - INFO - sqlalchemy.engine.Engine - [generated in 0.00158s] ('admin@example.com',)
2026-02-16 07:12:56,871 - INFO - sqlalchemy.engine.Engine - ROLLBACK
2026-02-16 07:12:56,886 - INFO - cogym.middleware - IP: 192.168.32.1 | Method: POST | Path: /admin/login | Status: 400 | Duration: 138.59ms 
2026-02-16 07:16:42,541 - DEBUG - python_multipart.multipart - Calling on_field_start with no data
2026-02-16 07:16:42,548 - DEBUG - python_multipart.multipart - Calling on_field_name with data[0:8]
2026-02-16 07:16:42,549 - DEBUG - python_multipart.multipart - Calling on_field_data with data[9:28]
2026-02-16 07:16:42,551 - DEBUG - python_multipart.multipart - Calling on_field_end with no data
2026-02-16 07:16:42,552 - DEBUG - python_multipart.multipart - Calling on_field_start with no data
2026-02-16 07:16:42,553 - DEBUG - python_multipart.multipart - Calling on_field_name with data[29:37]
2026-02-16 07:16:42,555 - DEBUG - python_multipart.multipart - Calling on_field_data with data[38:42]
2026-02-16 07:16:42,556 - DEBUG - python_multipart.multipart - Calling on_field_end with no data
2026-02-16 07:16:42,558 - DEBUG - python_multipart.multipart - Calling on_end with no data
2026-02-16 07:16:42,609 - INFO - sqlalchemy.engine.Engine - select pg_catalog.version()
2026-02-16 07:16:42,611 - INFO - sqlalchemy.engine.Engine - [raw sql] ()
2026-02-16 07:16:42,615 - INFO - sqlalchemy.engine.Engine - select current_schema()
2026-02-16 07:16:42,616 - INFO - sqlalchemy.engine.Engine - [raw sql] ()
2026-02-16 07:16:42,619 - INFO - sqlalchemy.engine.Engine - show standard_conforming_strings
2026-02-16 07:16:42,620 - INFO - sqlalchemy.engine.Engine - [raw sql] ()
2026-02-16 07:16:42,623 - INFO - sqlalchemy.engine.Engine - BEGIN (implicit)
2026-02-16 07:16:42,627 - INFO - sqlalchemy.engine.Engine - SELECT users.id, users.email, users.hashed_password, users.user_type 
FROM users 
WHERE users.email = $1::VARCHAR
2026-02-16 07:16:42,629 - INFO - sqlalchemy.engine.Engine - [generated in 0.00125s] ('admin@example.com',)
2026-02-16 07:16:42,645 - INFO - sqlalchemy.engine.Engine - ROLLBACK
2026-02-16 07:16:42,669 - INFO - cogym.middleware - IP: 192.168.32.1 | Method: POST | Path: /admin/login | Status: 400 | Duration: 143.61ms 
2026-02-16 07:17:13,154 - DEBUG - python_multipart.multipart - Calling on_field_start with no data
2026-02-16 07:17:13,160 - DEBUG - python_multipart.multipart - Calling on_field_name with data[0:8]
2026-02-16 07:17:13,163 - DEBUG - python_multipart.multipart - Calling on_field_data with data[9:28]
2026-02-16 07:17:13,165 - DEBUG - python_multipart.multipart - Calling on_field_end with no data
2026-02-16 07:17:13,167 - DEBUG - python_multipart.multipart - Calling on_field_start with no data
2026-02-16 07:17:13,169 - DEBUG - python_multipart.multipart - Calling on_field_name with data[29:37]
2026-02-16 07:17:13,172 - DEBUG - python_multipart.multipart - Calling on_field_data with data[38:45]
2026-02-16 07:17:13,176 - DEBUG - python_multipart.multipart - Calling on_field_end with no data
2026-02-16 07:17:13,178 - DEBUG - python_multipart.multipart - Calling on_end with no data
2026-02-16 07:17:13,185 - INFO - sqlalchemy.engine.Engine - BEGIN (implicit)
2026-02-16 07:17:13,188 - INFO - sqlalchemy.engine.Engine - SELECT users.id, users.email, users.hashed_password, users.user_type 
FROM users 
WHERE users.email = $1::VARCHAR
2026-02-16 07:17:13,190 - INFO - sqlalchemy.engine.Engine - [cached since 30.57s ago] ('admin@example.com',)
2026-02-16 07:17:13,195 - INFO - sqlalchemy.engine.Engine - ROLLBACK
2026-02-16 07:17:13,199 - INFO - cogym.middleware - IP: 192.168.32.1 | Method: POST | Path: /admin/login | Status: 400 | Duration: 49.16ms 
2026-02-16 07:34:04,829 - DEBUG - python_multipart.multipart - Calling on_field_start with no data
2026-02-16 07:34:04,833 - DEBUG - python_multipart.multipart - Calling on_field_name with data[0:8]
2026-02-16 07:34:04,835 - DEBUG - python_multipart.multipart - Calling on_field_data with data[9:28]
2026-02-16 07:34:04,836 - DEBUG - python_multipart.multipart - Calling on_field_end with no data
2026-02-16 07:34:04,838 - DEBUG - python_multipart.multipart - Calling on_field_start with no data
2026-02-16 07:34:04,839 - DEBUG - python_multipart.multipart - Calling on_field_name with data[29:37]
2026-02-16 07:34:04,841 - DEBUG - python_multipart.multipart - Calling on_field_data with data[38:45]
2026-02-16 07:34:04,843 - DEBUG - python_multipart.multipart - Calling on_field_end with no data
2026-02-16 07:34:04,844 - DEBUG - python_multipart.multipart - Calling on_end with no data
2026-02-16 07:34:04,882 - INFO - sqlalchemy.engine.Engine - select pg_catalog.version()
2026-02-16 07:34:04,885 - INFO - sqlalchemy.engine.Engine - [raw sql] ()
2026-02-16 07:34:04,890 - INFO - sqlalchemy.engine.Engine - select current_schema()
2026-02-16 07:34:04,892 - INFO - sqlalchemy.engine.Engine - [raw sql] ()
2026-02-16 07:34:04,895 - INFO - sqlalchemy.engine.Engine - show standard_conforming_strings
2026-02-16 07:34:04,896 - INFO - sqlalchemy.engine.Engine - [raw sql] ()
2026-02-16 07:34:04,898 - INFO - sqlalchemy.engine.Engine - BEGIN (implicit)
2026-02-16 07:34:04,902 - INFO - sqlalchemy.engine.Engine - SELECT users.id, users.email, users.hashed_password, users.user_type 
FROM users 
WHERE users.email = $1::VARCHAR
2026-02-16 07:34:04,904 - INFO - sqlalchemy.engine.Engine - [generated in 0.00151s] ('admin@example.com',)
2026-02-16 07:34:04,918 - INFO - sqlalchemy.engine.Engine - ROLLBACK
2026-02-16 07:34:04,930 - INFO - cogym.middleware - IP: 192.168.48.1 | Method: POST | Path: /admin/login | Status: 400 | Duration: 102.99ms 
2026-02-16 07:34:21,838 - DEBUG - python_multipart.multipart - Calling on_field_start with no data
2026-02-16 07:34:21,842 - DEBUG - python_multipart.multipart - Calling on_field_name with data[0:8]
2026-02-16 07:34:21,846 - DEBUG - python_multipart.multipart - Calling on_field_data with data[9:28]
2026-02-16 07:34:21,850 - DEBUG - python_multipart.multipart - Calling on_field_end with no data
2026-02-16 07:34:21,852 - DEBUG - python_multipart.multipart - Calling on_field_start with no data
2026-02-16 07:34:21,854 - DEBUG - python_multipart.multipart - Calling on_field_name with data[29:37]
2026-02-16 07:34:21,856 - DEBUG - python_multipart.multipart - Calling on_field_data with data[38:45]
2026-02-16 07:34:21,858 - DEBUG - python_multipart.multipart - Calling on_field_end with no data
2026-02-16 07:34:21,860 - DEBUG - python_multipart.multipart - Calling on_end with no data
2026-02-16 07:34:21,863 - INFO - sqlalchemy.engine.Engine - BEGIN (implicit)
2026-02-16 07:34:21,865 - INFO - sqlalchemy.engine.Engine - SELECT users.id, users.email, users.hashed_password, users.user_type 
FROM users 
WHERE users.email = $1::VARCHAR
2026-02-16 07:34:21,867 - INFO - sqlalchemy.engine.Engine - [cached since 16.97s ago] ('admin@example.com',)
2026-02-16 07:34:21,872 - DEBUG - passlib.handlers.bcrypt - detected 'bcrypt' backend, version '4.0.1'
2026-02-16 07:34:21,874 - DEBUG - passlib.handlers.bcrypt - 'bcrypt' backend lacks $2$ support, enabling workaround
2026-02-16 07:34:22,150 - INFO - sqlalchemy.engine.Engine - ROLLBACK
2026-02-16 07:34:22,154 - INFO - cogym.middleware - IP: 192.168.48.1 | Method: POST | Path: /admin/login | Status: 302 | Duration: 317.41ms 
2026-02-16 07:34:22,162 - INFO - cogym.middleware - IP: 192.168.48.1 | Method: GET | Path: /admin/ | Status: 302 | Duration: 0.26ms 
2026-02-16 07:34:22,166 - INFO - cogym.middleware - IP: 192.168.48.1 | Method: GET | Path: /admin/login | Status: 200 | Duration: 0.72ms 
2026-02-16 07:44:13,014 - DEBUG - python_multipart.multipart - Calling on_field_start with no data
2026-02-16 07:44:13,018 - DEBUG - python_multipart.multipart - Calling on_field_name with data[0:8]
2026-02-16 07:44:13,021 - DEBUG - python_multipart.multipart - Calling on_field_data with data[9:28]
2026-02-16 07:44:13,023 - DEBUG - python_multipart.multipart - Calling on_field_end with no data
2026-02-16 07:44:13,025 - DEBUG - python_multipart.multipart - Calling on_field_start with no data
2026-02-16 07:44:13,027 - DEBUG - python_multipart.multipart - Calling on_field_name with data[29:37]
2026-02-16 07:44:13,029 - DEBUG - python_multipart.multipart - Calling on_field_data with data[38:45]
2026-02-16 07:44:13,032 - DEBUG - python_multipart.multipart - Calling on_field_end with no data
2026-02-16 07:44:13,034 - DEBUG - python_multipart.multipart - Calling on_end with no data
2026-02-16 07:44:13,067 - INFO - sqlalchemy.engine.Engine - select pg_catalog.version()
2026-02-16 07:44:13,069 - INFO - sqlalchemy.engine.Engine - [raw sql] ()
2026-02-16 07:44:13,071 - INFO - sqlalchemy.engine.Engine - select current_schema()
2026-02-16 07:44:13,072 - INFO - sqlalchemy.engine.Engine - [raw sql] ()
2026-02-16 07:44:13,075 - INFO - sqlalchemy.engine.Engine - show standard_conforming_strings
2026-02-16 07:44:13,076 - INFO - sqlalchemy.engine.Engine - [raw sql] ()
2026-02-16 07:44:13,078 - INFO - sqlalchemy.engine.Engine - BEGIN (implicit)
2026-02-16 07:44:13,080 - INFO - sqlalchemy.engine.Engine - SELECT users.id, users.email, users.hashed_password, users.user_type 
FROM users 
WHERE users.email = $1::VARCHAR
2026-02-16 07:44:13,082 - INFO - sqlalchemy.engine.Engine - [generated in 0.00125s] ('admin@example.com',)
2026-02-16 07:44:13,096 - DEBUG - passlib.handlers.bcrypt - detected 'bcrypt' backend, version '4.0.1'
2026-02-16 07:44:13,097 - DEBUG - passlib.handlers.bcrypt - 'bcrypt' backend lacks $2$ support, enabling workaround
2026-02-16 07:44:13,367 - INFO - sqlalchemy.engine.Engine - ROLLBACK
2026-02-16 07:44:13,370 - INFO - cogym.middleware - IP: 192.168.48.1 | Method: POST | Path: /admin/login | Status: 302 | Duration: 357.05ms 
2026-02-16 07:44:13,398 - INFO - cogym.middleware - IP: 192.168.48.1 | Method: GET | Path: /admin/ | Status: 200 | Duration: 21.36ms 
2026-02-16 07:44:13,444 - INFO - cogym.middleware - IP: 192.168.48.1 | Method: GET | Path: /admin/statics/webfonts/fa-solid-900.woff2 | Status: 200 | Duration: 4.57ms 
2026-02-16 07:44:19,407 - INFO - sqlalchemy.engine.Engine - BEGIN (implicit)
2026-02-16 07:44:19,412 - INFO - sqlalchemy.engine.Engine - SELECT count(*) AS count_1 
FROM (SELECT users.id AS id, users.email AS email, users.hashed_password AS hashed_password, users.user_type AS user_type 
FROM users ORDER BY users.id ASC) AS anon_1
2026-02-16 07:44:19,413 - INFO - sqlalchemy.engine.Engine - [generated in 0.00139s] ()
2026-02-16 07:44:19,417 - INFO - sqlalchemy.engine.Engine - ROLLBACK
2026-02-16 07:44:19,420 - INFO - sqlalchemy.engine.Engine - BEGIN (implicit)
2026-02-16 07:44:19,422 - INFO - sqlalchemy.engine.Engine - SELECT users.id, users.email, users.hashed_password, users.user_type 
FROM users ORDER BY users.id ASC 
 LIMIT $1::INTEGER OFFSET $2::INTEGER
2026-02-16 07:44:19,424 - INFO - sqlalchemy.engine.Engine - [generated in 0.00176s] (10, 0)
2026-02-16 07:44:19,428 - INFO - sqlalchemy.engine.Engine - ROLLBACK
2026-02-16 07:44:19,468 - INFO - cogym.middleware - IP: 192.168.48.1 | Method: GET | Path: /admin/user/list | Status: 200 | Duration: 69.61ms 
2026-02-16 07:44:27,843 - INFO - sqlalchemy.engine.Engine - BEGIN (implicit)
2026-02-16 07:44:27,854 - INFO - sqlalchemy.engine.Engine - SELECT profiles.id, profiles.first_name, profiles.last_name, profiles.address, profiles.user_id 
FROM profiles
2026-02-16 07:44:27,858 - INFO - sqlalchemy.engine.Engine - [generated in 0.00399s] ()
2026-02-16 07:44:27,864 - INFO - sqlalchemy.engine.Engine - ROLLBACK
2026-02-16 07:44:27,877 - INFO - cogym.middleware - IP: 192.168.48.1 | Method: GET | Path: /admin/user/create | Status: 200 | Duration: 37.88ms 
2026-02-16 07:44:32,000 - INFO - sqlalchemy.engine.Engine - BEGIN (implicit)
2026-02-16 07:44:32,015 - INFO - sqlalchemy.engine.Engine - SELECT count(*) AS count_1 
FROM (SELECT users.id AS id, users.email AS email, users.hashed_password AS hashed_password, users.user_type AS user_type 
FROM users ORDER BY users.id ASC) AS anon_1
2026-02-16 07:44:32,017 - INFO - sqlalchemy.engine.Engine - [cached since 12.61s ago] ()
2026-02-16 07:44:32,021 - INFO - sqlalchemy.engine.Engine - ROLLBACK
2026-02-16 07:44:32,025 - INFO - sqlalchemy.engine.Engine - BEGIN (implicit)
2026-02-16 07:44:32,027 - INFO - sqlalchemy.engine.Engine - SELECT users.id, users.email, users.hashed_password, users.user_type 
FROM users ORDER BY users.id ASC 
 LIMIT $1::INTEGER OFFSET $2::INTEGER
2026-02-16 07:44:32,029 - INFO - sqlalchemy.engine.Engine - [generated in 0.00162s] (10, 0)
2026-02-16 07:44:32,031 - INFO - sqlalchemy.engine.Engine - ROLLBACK
2026-02-16 07:44:32,036 - INFO - cogym.middleware - IP: 192.168.48.1 | Method: GET | Path: /admin/user/list | Status: 200 | Duration: 43.90ms 
2026-02-23 11:59:10,679 - INFO - cogym.middleware - IP: 172.18.0.1 | Method: GET | Path: /favicon.ico | Status: 404 | Duration: 0.77ms 
2026-02-23 11:59:15,901 - INFO - cogym.middleware - IP: 172.18.0.1 | Method: GET | Path: /api/docs | Status: 200 | Duration: 2.11ms 
2026-02-23 11:59:16,332 - INFO - cogym.middleware - IP: 172.18.0.1 | Method: GET | Path: /openapi.json | Status: 200 | Duration: 40.68ms 
2026-02-23 11:59:45,762 - INFO - cogym.middleware - IP: 172.18.0.1 | Method: GET | Path: /api/admin | Status: 404 | Duration: 8.81ms 
2026-02-23 12:03:21,379 - INFO - cogym.middleware - IP: 172.18.0.1 | Method: GET | Path: /api/v1/auth/login | Status: 405 | Duration: 1.78ms 
2026-02-23 12:03:43,145 - INFO - cogym.middleware - IP: 172.18.0.1 | Method: GET | Path: /api/v1/auth/admin | Status: 404 | Duration: 1.05ms 
2026-02-23 12:05:08,197 - INFO - cogym.middleware - IP: 172.18.0.1 | Method: GET | Path: /admin | Status: 307 | Duration: 4.55ms 
2026-02-23 12:05:08,212 - INFO - cogym.middleware - IP: 172.18.0.1 | Method: GET | Path: /admin/ | Status: 302 | Duration: 2.44ms 
2026-02-23 12:05:08,246 - INFO - cogym.middleware - IP: 172.18.0.1 | Method: GET | Path: /admin/login | Status: 200 | Duration: 25.68ms 
2026-02-23 12:05:08,307 - INFO - cogym.middleware - IP: 172.18.0.1 | Method: GET | Path: /admin/statics/css/tabler-icons.min.css | Status: 200 | Duration: 22.84ms 
2026-02-23 12:05:08,309 - INFO - cogym.middleware - IP: 172.18.0.1 | Method: GET | Path: /admin/statics/css/tabler.min.css | Status: 200 | Duration: 33.00ms 
2026-02-23 12:05:08,310 - INFO - cogym.middleware - IP: 172.18.0.1 | Method: GET | Path: /admin/statics/css/select2.min.css | Status: 200 | Duration: 24.44ms 
2026-02-23 12:05:08,312 - INFO - cogym.middleware - IP: 172.18.0.1 | Method: GET | Path: /admin/statics/css/main.css | Status: 200 | Duration: 27.13ms 
2026-02-23 12:05:08,314 - INFO - cogym.middleware - IP: 172.18.0.1 | Method: GET | Path: /admin/statics/css/fontawesome.min.css | Status: 200 | Duration: 28.86ms 
2026-02-23 12:05:08,319 - INFO - cogym.middleware - IP: 172.18.0.1 | Method: GET | Path: /admin/statics/css/flatpickr.min.css | Status: 200 | Duration: 32.55ms 
2026-02-23 12:05:08,348 - INFO - cogym.middleware - IP: 172.18.0.1 | Method: GET | Path: /admin/statics/js/jquery.min.js | Status: 200 | Duration: 27.27ms 
2026-02-23 12:05:08,354 - INFO - cogym.middleware - IP: 172.18.0.1 | Method: GET | Path: /admin/statics/js/tabler.min.js | Status: 200 | Duration: 33.07ms 
2026-02-23 12:05:08,361 - INFO - cogym.middleware - IP: 172.18.0.1 | Method: GET | Path: /admin/statics/js/popper.min.js | Status: 200 | Duration: 31.75ms 
2026-02-23 12:05:08,373 - INFO - cogym.middleware - IP: 172.18.0.1 | Method: GET | Path: /admin/statics/js/bootstrap.min.js | Status: 200 | Duration: 31.15ms 
2026-02-23 12:05:08,387 - INFO - cogym.middleware - IP: 172.18.0.1 | Method: GET | Path: /admin/statics/js/select2.full.min.js | Status: 200 | Duration: 30.03ms 
2026-02-23 12:05:08,409 - INFO - cogym.middleware - IP: 172.18.0.1 | Method: GET | Path: /admin/statics/js/main.js | Status: 200 | Duration: 34.04ms 
2026-02-23 12:05:08,411 - INFO - cogym.middleware - IP: 172.18.0.1 | Method: GET | Path: /admin/statics/js/popper.min.js | Status: 200 | Duration: 33.08ms 
2026-02-23 12:05:08,413 - INFO - cogym.middleware - IP: 172.18.0.1 | Method: GET | Path: /admin/statics/js/flatpickr.min.js | Status: 200 | Duration: 38.46ms 
2026-02-23 12:05:08,416 - INFO - cogym.middleware - IP: 172.18.0.1 | Method: GET | Path: /admin/statics/js/jquery.min.js | Status: 200 | Duration: 36.60ms 
2026-02-23 12:05:08,417 - INFO - cogym.middleware - IP: 172.18.0.1 | Method: GET | Path: /admin/statics/js/bootstrap.min.js | Status: 200 | Duration: 37.89ms 
2026-02-23 12:05:08,435 - INFO - cogym.middleware - IP: 172.18.0.1 | Method: GET | Path: /admin/statics/js/tabler.min.js | Status: 200 | Duration: 38.33ms 
2026-02-23 12:05:08,446 - INFO - cogym.middleware - IP: 172.18.0.1 | Method: GET | Path: /admin/statics/js/select2.full.min.js | Status: 200 | Duration: 27.06ms 
2026-02-23 12:05:09,182 - INFO - cogym.middleware - IP: 172.18.0.1 | Method: GET | Path: /admin/statics/js/main.js | Status: 200 | Duration: 20.25ms 
2026-02-23 12:05:09,184 - INFO - cogym.middleware - IP: 172.18.0.1 | Method: GET | Path: /admin/statics/js/flatpickr.min.js | Status: 200 | Duration: 22.58ms 
2026-02-23 12:05:43,073 - DEBUG - python_multipart.multipart - Calling on_field_start with no data
2026-02-23 12:05:43,080 - DEBUG - python_multipart.multipart - Calling on_field_name with data[0:8]
2026-02-23 12:05:43,083 - DEBUG - python_multipart.multipart - Calling on_field_data with data[9:28]
2026-02-23 12:05:43,085 - DEBUG - python_multipart.multipart - Calling on_field_end with no data
2026-02-23 12:05:43,087 - DEBUG - python_multipart.multipart - Calling on_field_start with no data
2026-02-23 12:05:43,089 - DEBUG - python_multipart.multipart - Calling on_field_name with data[29:37]
2026-02-23 12:05:43,090 - DEBUG - python_multipart.multipart - Calling on_field_data with data[38:45]
2026-02-23 12:05:43,093 - DEBUG - python_multipart.multipart - Calling on_field_end with no data
2026-02-23 12:05:43,095 - DEBUG - python_multipart.multipart - Calling on_end with no data
2026-02-23 12:05:43,164 - INFO - sqlalchemy.engine.Engine - select pg_catalog.version()
2026-02-23 12:05:43,166 - INFO - sqlalchemy.engine.Engine - [raw sql] ()
2026-02-23 12:05:43,171 - INFO - sqlalchemy.engine.Engine - select current_schema()
2026-02-23 12:05:43,173 - INFO - sqlalchemy.engine.Engine - [raw sql] ()
2026-02-23 12:05:43,175 - INFO - sqlalchemy.engine.Engine - show standard_conforming_strings
2026-02-23 12:05:43,176 - INFO - sqlalchemy.engine.Engine - [raw sql] ()
2026-02-23 12:05:43,178 - INFO - sqlalchemy.engine.Engine - BEGIN (implicit)
2026-02-23 12:05:43,182 - INFO - sqlalchemy.engine.Engine - SELECT users.id, users.email, users.hashed_password, users.user_type 
FROM users 
WHERE users.email = $1::VARCHAR
2026-02-23 12:05:43,184 - INFO - sqlalchemy.engine.Engine - [generated in 0.00134s] ('admin@example.com',)
2026-02-23 12:05:43,216 - DEBUG - passlib.handlers.bcrypt - detected 'bcrypt' backend, version '4.0.1'
2026-02-23 12:05:43,217 - DEBUG - passlib.handlers.bcrypt - 'bcrypt' backend lacks $2$ support, enabling workaround
2026-02-23 12:05:43,488 - INFO - sqlalchemy.engine.Engine - ROLLBACK
2026-02-23 12:05:43,492 - INFO - cogym.middleware - IP: 172.18.0.1 | Method: POST | Path: /admin/login | Status: 302 | Duration: 428.51ms 
2026-02-23 12:05:43,533 - INFO - cogym.middleware - IP: 172.18.0.1 | Method: GET | Path: /admin/ | Status: 200 | Duration: 20.92ms 
2026-02-23 12:05:43,615 - INFO - cogym.middleware - IP: 172.18.0.1 | Method: GET | Path: /admin/statics/webfonts/fa-solid-900.woff2 | Status: 200 | Duration: 22.42ms 
2026-02-23 12:05:43,730 - INFO - cogym.middleware - IP: 172.18.0.1 | Method: GET | Path: /favicon.ico | Status: 404 | Duration: 0.34ms 
2026-02-23 12:05:52,374 - INFO - sqlalchemy.engine.Engine - BEGIN (implicit)
2026-02-23 12:05:52,378 - INFO - sqlalchemy.engine.Engine - SELECT count(*) AS count_1 
FROM (SELECT users.id AS id, users.email AS email, users.hashed_password AS hashed_password, users.user_type AS user_type 
FROM users ORDER BY users.id ASC) AS anon_1
2026-02-23 12:05:52,380 - INFO - sqlalchemy.engine.Engine - [generated in 0.00139s] ()
2026-02-23 12:05:52,384 - INFO - sqlalchemy.engine.Engine - ROLLBACK
2026-02-23 12:05:52,386 - INFO - sqlalchemy.engine.Engine - BEGIN (implicit)
2026-02-23 12:05:52,388 - INFO - sqlalchemy.engine.Engine - SELECT users.id, users.email, users.hashed_password, users.user_type 
FROM users ORDER BY users.id ASC 
 LIMIT $1::INTEGER OFFSET $2::INTEGER
2026-02-23 12:05:52,389 - INFO - sqlalchemy.engine.Engine - [generated in 0.00104s] (10, 0)
2026-02-23 12:05:52,391 - INFO - sqlalchemy.engine.Engine - ROLLBACK
2026-02-23 12:05:52,422 - INFO - cogym.middleware - IP: 172.18.0.1 | Method: GET | Path: /admin/user/list | Status: 200 | Duration: 48.16ms 
